{"C:\\laragon\\www\\gsn-crm\\src\\app\\page.tsx": {"path":"C:\\laragon\\www\\gsn-crm\\src\\app\\page.tsx","statementMap":{"0":{"start":{"line":16,"column":26},"end":{"line":16,"column":null}},"1":{"start":{"line":30,"column":15},"end":{"line":30,"column":null}},"2":{"start":{"line":31,"column":2},"end":{"line":38,"column":null}},"3":{"start":{"line":43,"column":82},"end":{"line":138,"column":null}},"4":{"start":{"line":45,"column":38},"end":{"line":69,"column":8}},"5":{"start":{"line":72,"column":39},"end":{"line":96,"column":8}},"6":{"start":{"line":99,"column":40},"end":{"line":124,"column":8}},"7":{"start":{"line":140,"column":21},"end":{"line":140,"column":null}},"8":{"start":{"line":143,"column":8},"end":{"line":143,"column":null}},"9":{"start":{"line":145,"column":25},"end":{"line":145,"column":null}},"10":{"start":{"line":147,"column":2},"end":{"line":374,"column":null}},"11":{"start":{"line":178,"column":18},"end":{"line":203,"column":null}},"12":{"start":{"line":229,"column":14},"end":{"line":238,"column":null}},"13":{"start":{"line":258,"column":14},"end":{"line":288,"column":null}},"14":{"start":{"line":332,"column":14},"end":{"line":340,"column":null}}},"fnMap":{"0":{"name":"Home","decl":{"start":{"line":29,"column":30},"end":{"line":29,"column":37}},"loc":{"start":{"line":29,"column":37},"end":{"line":40,"column":null}},"line":29},"1":{"name":"HomeFeed","decl":{"start":{"line":42,"column":15},"end":{"line":42,"column":26}},"loc":{"start":{"line":42,"column":26},"end":{"line":376,"column":null}},"line":42},"2":{"name":"(anonymous_2)","decl":{"start":{"line":45,"column":32},"end":{"line":45,"column":38}},"loc":{"start":{"line":45,"column":38},"end":{"line":69,"column":8}},"line":45},"3":{"name":"(anonymous_3)","decl":{"start":{"line":72,"column":33},"end":{"line":72,"column":39}},"loc":{"start":{"line":72,"column":39},"end":{"line":96,"column":8}},"line":72},"4":{"name":"(anonymous_4)","decl":{"start":{"line":99,"column":34},"end":{"line":99,"column":40}},"loc":{"start":{"line":99,"column":40},"end":{"line":124,"column":8}},"line":99},"5":{"name":"(anonymous_5)","decl":{"start":{"line":177,"column":36},"end":{"line":177,"column":37}},"loc":{"start":{"line":178,"column":18},"end":{"line":203,"column":null}},"line":178},"6":{"name":"(anonymous_6)","decl":{"start":{"line":228,"column":32},"end":{"line":228,"column":33}},"loc":{"start":{"line":229,"column":14},"end":{"line":238,"column":null}},"line":229},"7":{"name":"(anonymous_7)","decl":{"start":{"line":257,"column":33},"end":{"line":257,"column":34}},"loc":{"start":{"line":258,"column":14},"end":{"line":288,"column":null}},"line":258},"8":{"name":"(anonymous_8)","decl":{"start":{"line":331,"column":18},"end":{"line":331,"column":19}},"loc":{"start":{"line":332,"column":14},"end":{"line":340,"column":null}},"line":332}},"branchMap":{"0":{"loc":{"start":{"line":140,"column":21},"end":{"line":140,"column":null}},"type":"cond-expr","locations":[{"start":{"line":140,"column":44},"end":{"line":140,"column":64}},{"start":{"line":140,"column":64},"end":{"line":140,"column":null}}],"line":140},"1":{"loc":{"start":{"line":157,"column":15},"end":{"line":162,"column":null}},"type":"cond-expr","locations":[{"start":{"line":158,"column":16},"end":{"line":158,"column":null}},{"start":{"line":160,"column":16},"end":{"line":162,"column":null}}],"line":157},"2":{"loc":{"start":{"line":180,"column":23},"end":{"line":188,"column":null}},"type":"binary-expr","locations":[{"start":{"line":180,"column":23},"end":{"line":180,"column":null}},{"start":{"line":181,"column":24},"end":{"line":188,"column":null}}],"line":180},"3":{"loc":{"start":{"line":237,"column":17},"end":{"line":237,"column":null}},"type":"binary-expr","locations":[{"start":{"line":237,"column":17},"end":{"line":237,"column":42}},{"start":{"line":237,"column":42},"end":{"line":237,"column":null}}],"line":237},"4":{"loc":{"start":{"line":260,"column":19},"end":{"line":269,"column":null}},"type":"cond-expr","locations":[{"start":{"line":261,"column":20},"end":{"line":267,"column":null}},{"start":{"line":269,"column":20},"end":{"line":269,"column":null}}],"line":260}},"s":{"0":1,"1":4,"2":4,"3":4,"4":4,"5":4,"6":4,"7":4,"8":4,"9":4,"10":4,"11":0,"12":8,"13":0,"14":20},"f":{"0":4,"1":4,"2":4,"3":4,"4":4,"5":0,"6":8,"7":0,"8":20},"b":{"0":[4,0],"1":[0,4],"2":[0,0],"3":[8,8],"4":[0,0]},"meta":{"lastBranch":5,"lastFunction":9,"lastStatement":15,"seen":{"s:16:26:16:Infinity":0,"f:29:30:29:37":0,"s:30:15:30:Infinity":1,"s:31:2:38:Infinity":2,"f:42:15:42:26":1,"s:43:82:138:Infinity":3,"f:45:32:45:38":2,"s:45:38:69:8":4,"f:72:33:72:39":3,"s:72:39:96:8":5,"f:99:34:99:40":4,"s:99:40:124:8":6,"s:140:21:140:Infinity":7,"b:140:44:140:64:140:64:140:Infinity":0,"s:143:8:143:Infinity":8,"s:145:25:145:Infinity":9,"s:147:2:374:Infinity":10,"b:158:16:158:Infinity:160:16:162:Infinity":1,"f:177:36:177:37":5,"s:178:18:203:Infinity":11,"b:180:23:180:Infinity:181:24:188:Infinity":2,"f:228:32:228:33":6,"s:229:14:238:Infinity":12,"b:237:17:237:42:237:42:237:Infinity":3,"f:257:33:257:34":7,"s:258:14:288:Infinity":13,"b:261:20:267:Infinity:269:20:269:Infinity":4,"f:331:18:331:19":8,"s:332:14:340:Infinity":14}}}
,"C:\\laragon\\www\\gsn-crm\\src\\app\\academy\\page.tsx": {"path":"C:\\laragon\\www\\gsn-crm\\src\\app\\academy\\page.tsx","statementMap":{"0":{"start":{"line":14,"column":26},"end":{"line":14,"column":null}},"1":{"start":{"line":16,"column":34},"end":{"line":24,"column":null}},"2":{"start":{"line":27,"column":17},"end":{"line":27,"column":null}},"3":{"start":{"line":29,"column":19},"end":{"line":44,"column":null}},"4":{"start":{"line":47,"column":25},"end":{"line":47,"column":null}},"5":{"start":{"line":49,"column":4},"end":{"line":86,"column":null}}},"fnMap":{"0":{"name":"AcademyPage","decl":{"start":{"line":26,"column":30},"end":{"line":26,"column":44}},"loc":{"start":{"line":26,"column":44},"end":{"line":88,"column":null}},"line":26}},"branchMap":{"0":{"loc":{"start":{"line":47,"column":25},"end":{"line":47,"column":null}},"type":"cond-expr","locations":[{"start":{"line":47,"column":32},"end":{"line":47,"column":72}},{"start":{"line":47,"column":72},"end":{"line":47,"column":null}}],"line":47},"1":{"loc":{"start":{"line":82,"column":89},"end":{"line":82,"column":131}},"type":"cond-expr","locations":[{"start":{"line":82,"column":96},"end":{"line":82,"column":119}},{"start":{"line":82,"column":119},"end":{"line":82,"column":131}}],"line":82}},"s":{"0":1,"1":1,"2":5,"3":5,"4":5,"5":5},"f":{"0":5},"b":{"0":[0,5],"1":[0,5]},"meta":{"lastBranch":2,"lastFunction":1,"lastStatement":6,"seen":{"s:14:26:14:Infinity":0,"s:16:34:24:Infinity":1,"f:26:30:26:44":0,"s:27:17:27:Infinity":2,"s:29:19:44:Infinity":3,"s:47:25:47:Infinity":4,"b:47:32:47:72:47:72:47:Infinity":0,"s:49:4:86:Infinity":5,"b:82:96:82:119:82:119:82:131":1}}}
,"C:\\laragon\\www\\gsn-crm\\src\\app\\articles\\[slug]\\page.tsx": {"path":"C:\\laragon\\www\\gsn-crm\\src\\app\\articles\\[slug]\\page.tsx","statementMap":{"0":{"start":{"line":25,"column":6},"end":{"line":59,"column":null}},"1":{"start":{"line":28,"column":24},"end":{"line":37,"column":null}},"2":{"start":{"line":39,"column":8},"end":{"line":39,"column":null}},"3":{"start":{"line":39,"column":21},"end":{"line":39,"column":null}},"4":{"start":{"line":43,"column":8},"end":{"line":55,"column":null}},"5":{"start":{"line":63,"column":21},"end":{"line":67,"column":null}},"6":{"start":{"line":69,"column":4},"end":{"line":71,"column":null}},"7":{"start":{"line":69,"column":38},"end":{"line":71,"column":6}},"8":{"start":{"line":75,"column":21},"end":{"line":75,"column":null}},"9":{"start":{"line":76,"column":20},"end":{"line":76,"column":null}},"10":{"start":{"line":78,"column":4},"end":{"line":82,"column":null}},"11":{"start":{"line":79,"column":8},"end":{"line":81,"column":null}},"12":{"start":{"line":84,"column":4},"end":{"line":102,"column":null}},"13":{"start":{"line":107,"column":19},"end":{"line":112,"column":null}},"14":{"start":{"line":108,"column":4},"end":{"line":111,"column":null}},"15":{"start":{"line":115,"column":21},"end":{"line":115,"column":null}},"16":{"start":{"line":118,"column":49},"end":{"line":137,"column":null}},"17":{"start":{"line":139,"column":22},"end":{"line":139,"column":null}},"18":{"start":{"line":141,"column":4},"end":{"line":146,"column":null}},"19":{"start":{"line":142,"column":8},"end":{"line":145,"column":null}},"20":{"start":{"line":148,"column":4},"end":{"line":148,"column":null}},"21":{"start":{"line":148,"column":18},"end":{"line":148,"column":null}},"22":{"start":{"line":154,"column":4},"end":{"line":157,"column":null}},"23":{"start":{"line":159,"column":26},"end":{"line":163,"column":null}},"24":{"start":{"line":166,"column":25},"end":{"line":166,"column":null}},"25":{"start":{"line":168,"column":29},"end":{"line":172,"column":null}},"26":{"start":{"line":169,"column":21},"end":{"line":169,"column":null}},"27":{"start":{"line":170,"column":19},"end":{"line":170,"column":null}},"28":{"start":{"line":171,"column":8},"end":{"line":171,"column":null}},"29":{"start":{"line":175,"column":25},"end":{"line":177,"column":null}},"30":{"start":{"line":179,"column":4},"end":{"line":398,"column":null}},"31":{"start":{"line":335,"column":36},"end":{"line":341,"column":null}},"32":{"start":{"line":363,"column":44},"end":{"line":369,"column":null}}},"fnMap":{"0":{"name":"(anonymous_0)","decl":{"start":{"line":26,"column":4},"end":{"line":26,"column":11}},"loc":{"start":{"line":26,"column":28},"end":{"line":56,"column":null}},"line":26},"1":{"name":"generateStaticParams","decl":{"start":{"line":62,"column":22},"end":{"line":62,"column":45}},"loc":{"start":{"line":62,"column":45},"end":{"line":72,"column":null}},"line":62},"2":{"name":"(anonymous_2)","decl":{"start":{"line":69,"column":24},"end":{"line":69,"column":25}},"loc":{"start":{"line":69,"column":38},"end":{"line":71,"column":6}},"line":69},"3":{"name":"generateMetadata","decl":{"start":{"line":74,"column":22},"end":{"line":74,"column":39}},"loc":{"start":{"line":74,"column":109},"end":{"line":103,"column":null}},"line":74},"4":{"name":"(anonymous_4)","decl":{"start":{"line":107,"column":19},"end":{"line":107,"column":20}},"loc":{"start":{"line":107,"column":37},"end":{"line":112,"column":null}},"line":107},"5":{"name":"ArticlePage","decl":{"start":{"line":114,"column":30},"end":{"line":114,"column":42}},"loc":{"start":{"line":114,"column":93},"end":{"line":400,"column":null}},"line":114},"6":{"name":"(anonymous_6)","decl":{"start":{"line":168,"column":89},"end":{"line":168,"column":90}},"loc":{"start":{"line":168,"column":123},"end":{"line":172,"column":5}},"line":168},"7":{"name":"(anonymous_7)","decl":{"start":{"line":334,"column":50},"end":{"line":334,"column":51}},"loc":{"start":{"line":335,"column":36},"end":{"line":341,"column":null}},"line":335},"8":{"name":"(anonymous_8)","decl":{"start":{"line":362,"column":55},"end":{"line":362,"column":null}},"loc":{"start":{"line":363,"column":44},"end":{"line":369,"column":null}},"line":363}},"branchMap":{"0":{"loc":{"start":{"line":39,"column":8},"end":{"line":39,"column":null}},"type":"if","locations":[{"start":{"line":39,"column":8},"end":{"line":39,"column":null}},{"start":{},"end":{}}],"line":39},"1":{"loc":{"start":{"line":78,"column":4},"end":{"line":82,"column":null}},"type":"if","locations":[{"start":{"line":78,"column":4},"end":{"line":82,"column":null}},{"start":{},"end":{}}],"line":78},"2":{"loc":{"start":{"line":86,"column":21},"end":{"line":86,"column":null}},"type":"binary-expr","locations":[{"start":{"line":86,"column":21},"end":{"line":86,"column":40}},{"start":{"line":86,"column":40},"end":{"line":86,"column":null}}],"line":86},"3":{"loc":{"start":{"line":89,"column":25},"end":{"line":89,"column":null}},"type":"binary-expr","locations":[{"start":{"line":89,"column":25},"end":{"line":89,"column":44}},{"start":{"line":89,"column":44},"end":{"line":89,"column":null}}],"line":89},"4":{"loc":{"start":{"line":91,"column":20},"end":{"line":91,"column":null}},"type":"cond-expr","locations":[{"start":{"line":91,"column":40},"end":{"line":91,"column":62}},{"start":{"line":91,"column":62},"end":{"line":91,"column":null}}],"line":91},"5":{"loc":{"start":{"line":92,"column":27},"end":{"line":92,"column":null}},"type":"cond-expr","locations":[{"start":{"line":92,"column":49},"end":{"line":92,"column":95}},{"start":{"line":92,"column":95},"end":{"line":92,"column":null}}],"line":92},"6":{"loc":{"start":{"line":99,"column":25},"end":{"line":99,"column":null}},"type":"binary-expr","locations":[{"start":{"line":99,"column":25},"end":{"line":99,"column":44}},{"start":{"line":99,"column":44},"end":{"line":99,"column":null}}],"line":99},"7":{"loc":{"start":{"line":100,"column":20},"end":{"line":100,"column":null}},"type":"cond-expr","locations":[{"start":{"line":100,"column":40},"end":{"line":100,"column":62}},{"start":{"line":100,"column":62},"end":{"line":100,"column":null}}],"line":100},"8":{"loc":{"start":{"line":141,"column":4},"end":{"line":146,"column":null}},"type":"if","locations":[{"start":{"line":141,"column":4},"end":{"line":146,"column":null}},{"start":{},"end":{}}],"line":141},"9":{"loc":{"start":{"line":148,"column":4},"end":{"line":148,"column":null}},"type":"if","locations":[{"start":{"line":148,"column":4},"end":{"line":148,"column":null}},{"start":{},"end":{}}],"line":148},"10":{"loc":{"start":{"line":187,"column":33},"end":{"line":187,"column":null}},"type":"binary-expr","locations":[{"start":{"line":187,"column":33},"end":{"line":187,"column":52}},{"start":{"line":187,"column":52},"end":{"line":187,"column":null}}],"line":187},"11":{"loc":{"start":{"line":188,"column":27},"end":{"line":188,"column":null}},"type":"cond-expr","locations":[{"start":{"line":188,"column":47},"end":{"line":188,"column":69}},{"start":{"line":188,"column":69},"end":{"line":188,"column":null}}],"line":188},"12":{"loc":{"start":{"line":189,"column":36},"end":{"line":189,"column":119}},"type":"cond-expr","locations":[{"start":{"line":189,"column":58},"end":{"line":189,"column":90}},{"start":{"line":189,"column":90},"end":{"line":189,"column":119}}],"line":189},"13":{"loc":{"start":{"line":192,"column":30},"end":{"line":192,"column":null}},"type":"binary-expr","locations":[{"start":{"line":192,"column":30},"end":{"line":192,"column":53}},{"start":{"line":192,"column":53},"end":{"line":192,"column":null}}],"line":192},"14":{"loc":{"start":{"line":203,"column":17},"end":{"line":223,"column":null}},"type":"binary-expr","locations":[{"start":{"line":203,"column":17},"end":{"line":203,"column":null}},{"start":{"line":204,"column":20},"end":{"line":223,"column":null}}],"line":203},"15":{"loc":{"start":{"line":228,"column":75},"end":{"line":228,"column":120}},"type":"cond-expr","locations":[{"start":{"line":228,"column":95},"end":{"line":228,"column":104}},{"start":{"line":228,"column":104},"end":{"line":228,"column":120}}],"line":228},"16":{"loc":{"start":{"line":231,"column":164},"end":{"line":231,"column":199}},"type":"cond-expr","locations":[{"start":{"line":231,"column":184},"end":{"line":231,"column":193}},{"start":{"line":231,"column":193},"end":{"line":231,"column":199}}],"line":231},"17":{"loc":{"start":{"line":264,"column":41},"end":{"line":264,"column":null}},"type":"binary-expr","locations":[{"start":{"line":264,"column":41},"end":{"line":264,"column":65}},{"start":{"line":264,"column":65},"end":{"line":264,"column":null}}],"line":264},"18":{"loc":{"start":{"line":265,"column":41},"end":{"line":265,"column":null}},"type":"binary-expr","locations":[{"start":{"line":265,"column":41},"end":{"line":265,"column":64}},{"start":{"line":265,"column":64},"end":{"line":265,"column":null}}],"line":265},"19":{"loc":{"start":{"line":270,"column":90},"end":{"line":270,"column":124}},"type":"binary-expr","locations":[{"start":{"line":270,"column":90},"end":{"line":270,"column":113}},{"start":{"line":270,"column":113},"end":{"line":270,"column":124}}],"line":270},"20":{"loc":{"start":{"line":289,"column":25},"end":{"line":296,"column":null}},"type":"binary-expr","locations":[{"start":{"line":289,"column":25},"end":{"line":289,"column":null}},{"start":{"line":290,"column":28},"end":{"line":296,"column":null}}],"line":289},"21":{"loc":{"start":{"line":332,"column":25},"end":{"line":343,"column":null}},"type":"binary-expr","locations":[{"start":{"line":332,"column":25},"end":{"line":332,"column":null}},{"start":{"line":333,"column":28},"end":{"line":343,"column":null}}],"line":332}},"s":{"0":1,"1":8,"2":8,"3":7,"4":1,"5":0,"6":0,"7":0,"8":0,"9":0,"10":0,"11":0,"12":0,"13":1,"14":7,"15":8,"16":8,"17":8,"18":8,"19":0,"20":8,"21":1,"22":7,"23":7,"24":7,"25":7,"26":7,"27":7,"28":7,"29":7,"30":7,"31":14,"32":21},"f":{"0":8,"1":0,"2":0,"3":0,"4":7,"5":8,"6":7,"7":14,"8":21},"b":{"0":[7,1],"1":[0,0],"2":[0,0],"3":[0,0],"4":[0,0],"5":[0,0],"6":[0,0],"7":[0,0],"8":[0,8],"9":[1,7],"10":[7,0],"11":[7,0],"12":[7,0],"13":[8,0],"14":[8,7],"15":[7,0],"16":[7,0],"17":[8,0],"18":[8,0],"19":[8,0],"20":[8,7],"21":[8,7]},"meta":{"lastBranch":22,"lastFunction":9,"lastStatement":33,"seen":{"s:25:6:59:Infinity":0,"f:26:4:26:11":0,"s:28:24:37:Infinity":1,"b:39:8:39:Infinity:undefined:undefined:undefined:undefined":0,"s:39:8:39:Infinity":2,"s:39:21:39:Infinity":3,"s:43:8:55:Infinity":4,"f:62:22:62:45":1,"s:63:21:67:Infinity":5,"s:69:4:71:Infinity":6,"f:69:24:69:25":2,"s:69:38:71:6":7,"f:74:22:74:39":3,"s:75:21:75:Infinity":8,"s:76:20:76:Infinity":9,"b:78:4:82:Infinity:undefined:undefined:undefined:undefined":1,"s:78:4:82:Infinity":10,"s:79:8:81:Infinity":11,"s:84:4:102:Infinity":12,"b:86:21:86:40:86:40:86:Infinity":2,"b:89:25:89:44:89:44:89:Infinity":3,"b:91:40:91:62:91:62:91:Infinity":4,"b:92:49:92:95:92:95:92:Infinity":5,"b:99:25:99:44:99:44:99:Infinity":6,"b:100:40:100:62:100:62:100:Infinity":7,"s:107:19:112:Infinity":13,"f:107:19:107:20":4,"s:108:4:111:Infinity":14,"f:114:30:114:42":5,"s:115:21:115:Infinity":15,"s:118:49:137:Infinity":16,"s:139:22:139:Infinity":17,"b:141:4:146:Infinity:undefined:undefined:undefined:undefined":8,"s:141:4:146:Infinity":18,"s:142:8:145:Infinity":19,"b:148:4:148:Infinity:undefined:undefined:undefined:undefined":9,"s:148:4:148:Infinity":20,"s:148:18:148:Infinity":21,"s:154:4:157:Infinity":22,"s:159:26:163:Infinity":23,"s:166:25:166:Infinity":24,"s:168:29:172:Infinity":25,"f:168:89:168:90":6,"s:169:21:169:Infinity":26,"s:170:19:170:Infinity":27,"s:171:8:171:Infinity":28,"s:175:25:177:Infinity":29,"s:179:4:398:Infinity":30,"b:187:33:187:52:187:52:187:Infinity":10,"b:188:47:188:69:188:69:188:Infinity":11,"b:189:58:189:90:189:90:189:119":12,"b:192:30:192:53:192:53:192:Infinity":13,"b:203:17:203:Infinity:204:20:223:Infinity":14,"b:228:95:228:104:228:104:228:120":15,"b:231:184:231:193:231:193:231:199":16,"b:264:41:264:65:264:65:264:Infinity":17,"b:265:41:265:64:265:64:265:Infinity":18,"b:270:90:270:113:270:113:270:124":19,"b:289:25:289:Infinity:290:28:296:Infinity":20,"b:332:25:332:Infinity:333:28:343:Infinity":21,"f:334:50:334:51":7,"s:335:36:341:Infinity":31,"f:362:55:362:Infinity":8,"s:363:44:369:Infinity":32}}}
,"C:\\laragon\\www\\gsn-crm\\src\\app\\auth\\layout.tsx": {"path":"C:\\laragon\\www\\gsn-crm\\src\\app\\auth\\layout.tsx","statementMap":{"0":{"start":{"line":8,"column":34},"end":{"line":14,"column":null}},"1":{"start":{"line":21,"column":2},"end":{"line":90,"column":null}}},"fnMap":{"0":{"name":"AuthLayout","decl":{"start":{"line":16,"column":24},"end":{"line":16,"column":35}},"loc":{"start":{"line":20,"column":3},"end":{"line":92,"column":null}},"line":20}},"branchMap":{},"s":{"0":1,"1":4},"f":{"0":4},"b":{},"meta":{"lastBranch":0,"lastFunction":1,"lastStatement":2,"seen":{"s:8:34:14:Infinity":0,"f:16:24:16:35":0,"s:21:2:90:Infinity":1}}}
,"C:\\laragon\\www\\gsn-crm\\src\\app\\auth\\forgot-password\\page.tsx": {"path":"C:\\laragon\\www\\gsn-crm\\src\\app\\auth\\forgot-password\\page.tsx","statementMap":{"0":{"start":{"line":11,"column":34},"end":{"line":11,"column":null}},"1":{"start":{"line":12,"column":30},"end":{"line":12,"column":null}},"2":{"start":{"line":13,"column":26},"end":{"line":13,"column":null}},"3":{"start":{"line":15,"column":25},"end":{"line":30,"column":null}},"4":{"start":{"line":16,"column":8},"end":{"line":16,"column":null}},"5":{"start":{"line":17,"column":8},"end":{"line":17,"column":null}},"6":{"start":{"line":18,"column":8},"end":{"line":18,"column":null}},"7":{"start":{"line":19,"column":8},"end":{"line":19,"column":null}},"8":{"start":{"line":21,"column":25},"end":{"line":21,"column":null}},"9":{"start":{"line":22,"column":23},"end":{"line":22,"column":null}},"10":{"start":{"line":24,"column":8},"end":{"line":28,"column":null}},"11":{"start":{"line":25,"column":12},"end":{"line":25,"column":null}},"12":{"start":{"line":27,"column":12},"end":{"line":27,"column":null}},"13":{"start":{"line":29,"column":8},"end":{"line":29,"column":null}},"14":{"start":{"line":32,"column":4},"end":{"line":87,"column":null}}},"fnMap":{"0":{"name":"ForgotPasswordPage","decl":{"start":{"line":10,"column":24},"end":{"line":10,"column":45}},"loc":{"start":{"line":10,"column":45},"end":{"line":89,"column":null}},"line":10},"1":{"name":"(anonymous_1)","decl":{"start":{"line":15,"column":25},"end":{"line":15,"column":32}},"loc":{"start":{"line":15,"column":72},"end":{"line":30,"column":null}},"line":15}},"branchMap":{"0":{"loc":{"start":{"line":24,"column":8},"end":{"line":28,"column":null}},"type":"if","locations":[{"start":{"line":24,"column":8},"end":{"line":28,"column":null}},{"start":{"line":26,"column":15},"end":{"line":28,"column":null}}],"line":24},"1":{"loc":{"start":{"line":41,"column":13},"end":{"line":85,"column":null}},"type":"cond-expr","locations":[{"start":{"line":42,"column":16},"end":{"line":50,"column":null}},{"start":{"line":52,"column":16},"end":{"line":85,"column":null}}],"line":41},"2":{"loc":{"start":{"line":67,"column":21},"end":{"line":70,"column":null}},"type":"binary-expr","locations":[{"start":{"line":67,"column":21},"end":{"line":67,"column":null}},{"start":{"line":68,"column":24},"end":{"line":70,"column":null}}],"line":67},"3":{"loc":{"start":{"line":79,"column":25},"end":{"line":82,"column":null}},"type":"cond-expr","locations":[{"start":{"line":80,"column":28},"end":{"line":80,"column":null}},{"start":{"line":82,"column":28},"end":{"line":82,"column":null}}],"line":79}},"s":{"0":12,"1":12,"2":12,"3":12,"4":3,"5":3,"6":3,"7":3,"8":3,"9":3,"10":3,"11":1,"12":2,"13":3,"14":12},"f":{"0":12,"1":3},"b":{"0":[1,2],"1":[2,10],"2":[10,1],"3":[3,7]},"meta":{"lastBranch":4,"lastFunction":2,"lastStatement":15,"seen":{"f:10:24:10:45":0,"s:11:34:11:Infinity":0,"s:12:30:12:Infinity":1,"s:13:26:13:Infinity":2,"s:15:25:30:Infinity":3,"f:15:25:15:32":1,"s:16:8:16:Infinity":4,"s:17:8:17:Infinity":5,"s:18:8:18:Infinity":6,"s:19:8:19:Infinity":7,"s:21:25:21:Infinity":8,"s:22:23:22:Infinity":9,"b:24:8:28:Infinity:26:15:28:Infinity":0,"s:24:8:28:Infinity":10,"s:25:12:25:Infinity":11,"s:27:12:27:Infinity":12,"s:29:8:29:Infinity":13,"s:32:4:87:Infinity":14,"b:42:16:50:Infinity:52:16:85:Infinity":1,"b:67:21:67:Infinity:68:24:70:Infinity":2,"b:80:28:80:Infinity:82:28:82:Infinity":3}}}
,"C:\\laragon\\www\\gsn-crm\\src\\app\\auth\\login\\page.tsx": {"path":"C:\\laragon\\www\\gsn-crm\\src\\app\\auth\\login\\page.tsx","statementMap":{"0":{"start":{"line":13,"column":28},"end":{"line":13,"column":null}},"1":{"start":{"line":14,"column":24},"end":{"line":14,"column":null}},"2":{"start":{"line":15,"column":38},"end":{"line":15,"column":null}},"3":{"start":{"line":17,"column":23},"end":{"line":31,"column":null}},"4":{"start":{"line":18,"column":4},"end":{"line":18,"column":null}},"5":{"start":{"line":19,"column":4},"end":{"line":19,"column":null}},"6":{"start":{"line":20,"column":4},"end":{"line":20,"column":null}},"7":{"start":{"line":22,"column":21},"end":{"line":22,"column":null}},"8":{"start":{"line":23,"column":19},"end":{"line":23,"column":null}},"9":{"start":{"line":25,"column":4},"end":{"line":30,"column":null}},"10":{"start":{"line":26,"column":6},"end":{"line":26,"column":null}},"11":{"start":{"line":27,"column":6},"end":{"line":27,"column":null}},"12":{"start":{"line":28,"column":4},"end":{"line":30,"column":null}},"13":{"start":{"line":29,"column":6},"end":{"line":29,"column":null}},"14":{"start":{"line":33,"column":2},"end":{"line":109,"column":null}},"15":{"start":{"line":69,"column":79},"end":{"line":69,"column":111}}},"fnMap":{"0":{"name":"LoginPage","decl":{"start":{"line":12,"column":24},"end":{"line":12,"column":36}},"loc":{"start":{"line":12,"column":36},"end":{"line":111,"column":null}},"line":12},"1":{"name":"(anonymous_1)","decl":{"start":{"line":17,"column":23},"end":{"line":17,"column":30}},"loc":{"start":{"line":17,"column":70},"end":{"line":31,"column":null}},"line":17},"2":{"name":"(anonymous_2)","decl":{"start":{"line":69,"column":73},"end":{"line":69,"column":79}},"loc":{"start":{"line":69,"column":79},"end":{"line":69,"column":111}},"line":69}},"branchMap":{"0":{"loc":{"start":{"line":25,"column":4},"end":{"line":30,"column":null}},"type":"if","locations":[{"start":{"line":25,"column":4},"end":{"line":30,"column":null}},{"start":{"line":28,"column":4},"end":{"line":30,"column":null}}],"line":25},"1":{"loc":{"start":{"line":28,"column":4},"end":{"line":30,"column":null}},"type":"if","locations":[{"start":{"line":28,"column":4},"end":{"line":30,"column":null}},{"start":{},"end":{}}],"line":28},"2":{"loc":{"start":{"line":44,"column":9},"end":{"line":47,"column":null}},"type":"binary-expr","locations":[{"start":{"line":44,"column":9},"end":{"line":44,"column":null}},{"start":{"line":45,"column":10},"end":{"line":47,"column":null}}],"line":44},"3":{"loc":{"start":{"line":63,"column":18},"end":{"line":63,"column":null}},"type":"cond-expr","locations":[{"start":{"line":63,"column":33},"end":{"line":63,"column":42}},{"start":{"line":63,"column":42},"end":{"line":63,"column":null}}],"line":63},"4":{"loc":{"start":{"line":69,"column":210},"end":{"line":69,"column":null}},"type":"cond-expr","locations":[{"start":{"line":69,"column":225},"end":{"line":69,"column":243}},{"start":{"line":69,"column":243},"end":{"line":69,"column":null}}],"line":69},"5":{"loc":{"start":{"line":70,"column":17},"end":{"line":70,"column":null}},"type":"cond-expr","locations":[{"start":{"line":70,"column":32},"end":{"line":70,"column":55}},{"start":{"line":70,"column":55},"end":{"line":70,"column":null}}],"line":70}},"s":{"0":13,"1":13,"2":13,"3":13,"4":2,"5":2,"6":2,"7":2,"8":2,"9":2,"10":1,"11":1,"12":1,"13":0,"14":13,"15":1},"f":{"0":13,"1":2,"2":1},"b":{"0":[1,1],"1":[0,1],"2":[13,1],"3":[1,12],"4":[1,12],"5":[1,12]},"meta":{"lastBranch":6,"lastFunction":3,"lastStatement":16,"seen":{"f:12:24:12:36":0,"s:13:28:13:Infinity":0,"s:14:24:14:Infinity":1,"s:15:38:15:Infinity":2,"s:17:23:31:Infinity":3,"f:17:23:17:30":1,"s:18:4:18:Infinity":4,"s:19:4:19:Infinity":5,"s:20:4:20:Infinity":6,"s:22:21:22:Infinity":7,"s:23:19:23:Infinity":8,"b:25:4:30:Infinity:28:4:30:Infinity":0,"s:25:4:30:Infinity":9,"s:26:6:26:Infinity":10,"s:27:6:27:Infinity":11,"b:28:4:30:Infinity:undefined:undefined:undefined:undefined":1,"s:28:4:30:Infinity":12,"s:29:6:29:Infinity":13,"s:33:2:109:Infinity":14,"b:44:9:44:Infinity:45:10:47:Infinity":2,"b:63:33:63:42:63:42:63:Infinity":3,"f:69:73:69:79":2,"s:69:79:69:111":15,"b:69:225:69:243:69:243:69:Infinity":4,"b:70:32:70:55:70:55:70:Infinity":5}}}
,"C:\\laragon\\www\\gsn-crm\\src\\app\\auth\\signup\\page.tsx": {"path":"C:\\laragon\\www\\gsn-crm\\src\\app\\auth\\signup\\page.tsx","statementMap":{"0":{"start":{"line":14,"column":10},"end":{"line":14,"column":null}},"1":{"start":{"line":15,"column":30},"end":{"line":15,"column":null}},"2":{"start":{"line":16,"column":26},"end":{"line":16,"column":null}},"3":{"start":{"line":17,"column":40},"end":{"line":17,"column":null}},"4":{"start":{"line":18,"column":38},"end":{"line":18,"column":null}},"5":{"start":{"line":19,"column":30},"end":{"line":19,"column":null}},"6":{"start":{"line":21,"column":25},"end":{"line":51,"column":null}},"7":{"start":{"line":22,"column":8},"end":{"line":22,"column":null}},"8":{"start":{"line":23,"column":8},"end":{"line":23,"column":null}},"9":{"start":{"line":24,"column":8},"end":{"line":24,"column":null}},"10":{"start":{"line":26,"column":25},"end":{"line":26,"column":null}},"11":{"start":{"line":27,"column":21},"end":{"line":27,"column":null}},"12":{"start":{"line":28,"column":24},"end":{"line":28,"column":null}},"13":{"start":{"line":30,"column":8},"end":{"line":34,"column":null}},"14":{"start":{"line":31,"column":12},"end":{"line":31,"column":null}},"15":{"start":{"line":32,"column":12},"end":{"line":32,"column":null}},"16":{"start":{"line":33,"column":12},"end":{"line":33,"column":null}},"17":{"start":{"line":37,"column":8},"end":{"line":37,"column":null}},"18":{"start":{"line":39,"column":23},"end":{"line":39,"column":null}},"19":{"start":{"line":41,"column":8},"end":{"line":49,"column":null}},"20":{"start":{"line":42,"column":12},"end":{"line":42,"column":null}},"21":{"start":{"line":43,"column":8},"end":{"line":49,"column":null}},"22":{"start":{"line":44,"column":12},"end":{"line":44,"column":null}},"23":{"start":{"line":45,"column":12},"end":{"line":45,"column":null}},"24":{"start":{"line":46,"column":8},"end":{"line":49,"column":null}},"25":{"start":{"line":47,"column":12},"end":{"line":47,"column":null}},"26":{"start":{"line":48,"column":12},"end":{"line":48,"column":null}},"27":{"start":{"line":50,"column":8},"end":{"line":50,"column":null}},"28":{"start":{"line":53,"column":4},"end":{"line":176,"column":null}},"29":{"start":{"line":98,"column":89},"end":{"line":98,"column":121}},"30":{"start":{"line":113,"column":89},"end":{"line":113,"column":119}}},"fnMap":{"0":{"name":"SignupPage","decl":{"start":{"line":13,"column":24},"end":{"line":13,"column":37}},"loc":{"start":{"line":13,"column":37},"end":{"line":178,"column":null}},"line":13},"1":{"name":"(anonymous_1)","decl":{"start":{"line":21,"column":25},"end":{"line":21,"column":32}},"loc":{"start":{"line":21,"column":72},"end":{"line":51,"column":null}},"line":21},"2":{"name":"(anonymous_2)","decl":{"start":{"line":98,"column":83},"end":{"line":98,"column":89}},"loc":{"start":{"line":98,"column":89},"end":{"line":98,"column":121}},"line":98},"3":{"name":"(anonymous_3)","decl":{"start":{"line":113,"column":83},"end":{"line":113,"column":89}},"loc":{"start":{"line":113,"column":89},"end":{"line":113,"column":119}},"line":113}},"branchMap":{"0":{"loc":{"start":{"line":30,"column":8},"end":{"line":34,"column":null}},"type":"if","locations":[{"start":{"line":30,"column":8},"end":{"line":34,"column":null}},{"start":{},"end":{}}],"line":30},"1":{"loc":{"start":{"line":41,"column":8},"end":{"line":49,"column":null}},"type":"if","locations":[{"start":{"line":41,"column":8},"end":{"line":49,"column":null}},{"start":{"line":43,"column":8},"end":{"line":49,"column":null}}],"line":41},"2":{"loc":{"start":{"line":43,"column":8},"end":{"line":49,"column":null}},"type":"if","locations":[{"start":{"line":43,"column":8},"end":{"line":49,"column":null}},{"start":{"line":46,"column":8},"end":{"line":49,"column":null}}],"line":43},"3":{"loc":{"start":{"line":46,"column":8},"end":{"line":49,"column":null}},"type":"if","locations":[{"start":{"line":46,"column":8},"end":{"line":49,"column":null}},{"start":{},"end":{}}],"line":46},"4":{"loc":{"start":{"line":64,"column":17},"end":{"line":67,"column":null}},"type":"binary-expr","locations":[{"start":{"line":64,"column":17},"end":{"line":64,"column":null}},{"start":{"line":65,"column":20},"end":{"line":67,"column":null}}],"line":64},"5":{"loc":{"start":{"line":92,"column":26},"end":{"line":92,"column":null}},"type":"cond-expr","locations":[{"start":{"line":92,"column":41},"end":{"line":92,"column":50}},{"start":{"line":92,"column":50},"end":{"line":92,"column":null}}],"line":92},"6":{"loc":{"start":{"line":98,"column":220},"end":{"line":98,"column":null}},"type":"cond-expr","locations":[{"start":{"line":98,"column":235},"end":{"line":98,"column":253}},{"start":{"line":98,"column":253},"end":{"line":98,"column":null}}],"line":98},"7":{"loc":{"start":{"line":99,"column":29},"end":{"line":99,"column":null}},"type":"cond-expr","locations":[{"start":{"line":99,"column":44},"end":{"line":99,"column":67}},{"start":{"line":99,"column":67},"end":{"line":99,"column":null}}],"line":99},"8":{"loc":{"start":{"line":107,"column":26},"end":{"line":107,"column":null}},"type":"cond-expr","locations":[{"start":{"line":107,"column":40},"end":{"line":107,"column":49}},{"start":{"line":107,"column":49},"end":{"line":107,"column":null}}],"line":107},"9":{"loc":{"start":{"line":113,"column":218},"end":{"line":113,"column":null}},"type":"cond-expr","locations":[{"start":{"line":113,"column":232},"end":{"line":113,"column":258}},{"start":{"line":113,"column":258},"end":{"line":113,"column":null}}],"line":113},"10":{"loc":{"start":{"line":114,"column":29},"end":{"line":114,"column":null}},"type":"cond-expr","locations":[{"start":{"line":114,"column":43},"end":{"line":114,"column":66}},{"start":{"line":114,"column":66},"end":{"line":114,"column":null}}],"line":114}},"s":{"0":13,"1":13,"2":13,"3":13,"4":13,"5":13,"6":13,"7":2,"8":2,"9":2,"10":2,"11":2,"12":2,"13":2,"14":0,"15":0,"16":0,"17":2,"18":2,"19":2,"20":1,"21":1,"22":0,"23":0,"24":1,"25":0,"26":0,"27":2,"28":13,"29":1,"30":0},"f":{"0":13,"1":2,"2":1,"3":0},"b":{"0":[0,2],"1":[1,1],"2":[0,1],"3":[0,1],"4":[13,1],"5":[1,12],"6":[1,12],"7":[1,12],"8":[0,13],"9":[0,13],"10":[0,13]},"meta":{"lastBranch":11,"lastFunction":4,"lastStatement":31,"seen":{"f:13:24:13:37":0,"s:14:10:14:Infinity":0,"s:15:30:15:Infinity":1,"s:16:26:16:Infinity":2,"s:17:40:17:Infinity":3,"s:18:38:18:Infinity":4,"s:19:30:19:Infinity":5,"s:21:25:51:Infinity":6,"f:21:25:21:32":1,"s:22:8:22:Infinity":7,"s:23:8:23:Infinity":8,"s:24:8:24:Infinity":9,"s:26:25:26:Infinity":10,"s:27:21:27:Infinity":11,"s:28:24:28:Infinity":12,"b:30:8:34:Infinity:undefined:undefined:undefined:undefined":0,"s:30:8:34:Infinity":13,"s:31:12:31:Infinity":14,"s:32:12:32:Infinity":15,"s:33:12:33:Infinity":16,"s:37:8:37:Infinity":17,"s:39:23:39:Infinity":18,"b:41:8:49:Infinity:43:8:49:Infinity":1,"s:41:8:49:Infinity":19,"s:42:12:42:Infinity":20,"b:43:8:49:Infinity:46:8:49:Infinity":2,"s:43:8:49:Infinity":21,"s:44:12:44:Infinity":22,"s:45:12:45:Infinity":23,"b:46:8:49:Infinity:undefined:undefined:undefined:undefined":3,"s:46:8:49:Infinity":24,"s:47:12:47:Infinity":25,"s:48:12:48:Infinity":26,"s:50:8:50:Infinity":27,"s:53:4:176:Infinity":28,"b:64:17:64:Infinity:65:20:67:Infinity":4,"b:92:41:92:50:92:50:92:Infinity":5,"f:98:83:98:89":2,"s:98:89:98:121":29,"b:98:235:98:253:98:253:98:Infinity":6,"b:99:44:99:67:99:67:99:Infinity":7,"b:107:40:107:49:107:49:107:Infinity":8,"f:113:83:113:89":3,"s:113:89:113:119":30,"b:113:232:113:258:113:258:113:Infinity":9,"b:114:43:114:66:114:66:114:Infinity":10}}}
,"C:\\laragon\\www\\gsn-crm\\src\\app\\auth\\update-password\\page.tsx": {"path":"C:\\laragon\\www\\gsn-crm\\src\\app\\auth\\update-password\\page.tsx","statementMap":{"0":{"start":{"line":12,"column":34},"end":{"line":12,"column":null}},"1":{"start":{"line":13,"column":26},"end":{"line":13,"column":null}},"2":{"start":{"line":14,"column":10},"end":{"line":14,"column":null}},"3":{"start":{"line":16,"column":25},"end":{"line":29,"column":null}},"4":{"start":{"line":17,"column":8},"end":{"line":17,"column":null}},"5":{"start":{"line":18,"column":8},"end":{"line":18,"column":null}},"6":{"start":{"line":19,"column":8},"end":{"line":19,"column":null}},"7":{"start":{"line":21,"column":25},"end":{"line":21,"column":null}},"8":{"start":{"line":22,"column":23},"end":{"line":22,"column":null}},"9":{"start":{"line":24,"column":8},"end":{"line":27,"column":null}},"10":{"start":{"line":25,"column":12},"end":{"line":25,"column":null}},"11":{"start":{"line":26,"column":12},"end":{"line":26,"column":null}},"12":{"start":{"line":31,"column":4},"end":{"line":88,"column":null}}},"fnMap":{"0":{"name":"UpdatePasswordPage","decl":{"start":{"line":11,"column":24},"end":{"line":11,"column":45}},"loc":{"start":{"line":11,"column":45},"end":{"line":90,"column":null}},"line":11},"1":{"name":"(anonymous_1)","decl":{"start":{"line":16,"column":25},"end":{"line":16,"column":32}},"loc":{"start":{"line":16,"column":72},"end":{"line":29,"column":null}},"line":16}},"branchMap":{"0":{"loc":{"start":{"line":24,"column":8},"end":{"line":27,"column":null}},"type":"if","locations":[{"start":{"line":24,"column":8},"end":{"line":27,"column":null}},{"start":{},"end":{}}],"line":24},"1":{"loc":{"start":{"line":69,"column":17},"end":{"line":72,"column":null}},"type":"binary-expr","locations":[{"start":{"line":69,"column":17},"end":{"line":69,"column":null}},{"start":{"line":70,"column":20},"end":{"line":72,"column":null}}],"line":69},"2":{"loc":{"start":{"line":81,"column":21},"end":{"line":84,"column":null}},"type":"cond-expr","locations":[{"start":{"line":82,"column":24},"end":{"line":82,"column":null}},{"start":{"line":84,"column":24},"end":{"line":84,"column":null}}],"line":81}},"s":{"0":9,"1":9,"2":9,"3":9,"4":2,"5":2,"6":2,"7":2,"8":2,"9":2,"10":1,"11":1,"12":9},"f":{"0":9,"1":2},"b":{"0":[1,1],"1":[9,1],"2":[2,7]},"meta":{"lastBranch":3,"lastFunction":2,"lastStatement":13,"seen":{"f:11:24:11:45":0,"s:12:34:12:Infinity":0,"s:13:26:13:Infinity":1,"s:14:10:14:Infinity":2,"s:16:25:29:Infinity":3,"f:16:25:16:32":1,"s:17:8:17:Infinity":4,"s:18:8:18:Infinity":5,"s:19:8:19:Infinity":6,"s:21:25:21:Infinity":7,"s:22:23:22:Infinity":8,"b:24:8:27:Infinity:undefined:undefined:undefined:undefined":0,"s:24:8:27:Infinity":9,"s:25:12:25:Infinity":10,"s:26:12:26:Infinity":11,"s:31:4:88:Infinity":12,"b:69:17:69:Infinity:70:20:72:Infinity":1,"b:82:24:82:Infinity:84:24:84:Infinity":2}}}
,"C:\\laragon\\www\\gsn-crm\\src\\app\\auth\\verify-2fa\\page.tsx": {"path":"C:\\laragon\\www\\gsn-crm\\src\\app\\auth\\verify-2fa\\page.tsx","statementMap":{"0":{"start":{"line":10,"column":24},"end":{"line":10,"column":null}},"1":{"start":{"line":11,"column":30},"end":{"line":11,"column":null}},"2":{"start":{"line":13,"column":25},"end":{"line":25,"column":null}},"3":{"start":{"line":14,"column":8},"end":{"line":14,"column":null}},"4":{"start":{"line":15,"column":8},"end":{"line":15,"column":null}},"5":{"start":{"line":15,"column":29},"end":{"line":15,"column":null}},"6":{"start":{"line":17,"column":8},"end":{"line":17,"column":null}},"7":{"start":{"line":18,"column":20},"end":{"line":18,"column":null}},"8":{"start":{"line":20,"column":8},"end":{"line":23,"column":null}},"9":{"start":{"line":21,"column":12},"end":{"line":21,"column":null}},"10":{"start":{"line":22,"column":12},"end":{"line":22,"column":null}},"11":{"start":{"line":27,"column":4},"end":{"line":70,"column":null}},"12":{"start":{"line":48,"column":45},"end":{"line":48,"column":null}},"13":{"start":{"line":66,"column":55},"end":{"line":66,"column":93}}},"fnMap":{"0":{"name":"Verify2FAPage","decl":{"start":{"line":9,"column":24},"end":{"line":9,"column":40}},"loc":{"start":{"line":9,"column":40},"end":{"line":72,"column":null}},"line":9},"1":{"name":"(anonymous_1)","decl":{"start":{"line":13,"column":25},"end":{"line":13,"column":32}},"loc":{"start":{"line":13,"column":55},"end":{"line":25,"column":null}},"line":13},"2":{"name":"(anonymous_2)","decl":{"start":{"line":48,"column":38},"end":{"line":48,"column":39}},"loc":{"start":{"line":48,"column":45},"end":{"line":48,"column":null}},"line":48},"3":{"name":"(anonymous_3)","decl":{"start":{"line":66,"column":49},"end":{"line":66,"column":55}},"loc":{"start":{"line":66,"column":55},"end":{"line":66,"column":93}},"line":66}},"branchMap":{"0":{"loc":{"start":{"line":15,"column":8},"end":{"line":15,"column":null}},"type":"if","locations":[{"start":{"line":15,"column":8},"end":{"line":15,"column":null}},{"start":{},"end":{}}],"line":15},"1":{"loc":{"start":{"line":20,"column":8},"end":{"line":23,"column":null}},"type":"if","locations":[{"start":{"line":20,"column":8},"end":{"line":23,"column":null}},{"start":{},"end":{}}],"line":20},"2":{"loc":{"start":{"line":58,"column":34},"end":{"line":58,"column":null}},"type":"binary-expr","locations":[{"start":{"line":58,"column":34},"end":{"line":58,"column":45}},{"start":{"line":58,"column":45},"end":{"line":58,"column":null}}],"line":58},"3":{"loc":{"start":{"line":62,"column":25},"end":{"line":62,"column":null}},"type":"cond-expr","locations":[{"start":{"line":62,"column":35},"end":{"line":62,"column":84}},{"start":{"line":62,"column":84},"end":{"line":62,"column":null}}],"line":62}},"s":{"0":14,"1":14,"2":14,"3":1,"4":1,"5":0,"6":1,"7":1,"8":1,"9":1,"10":1,"11":14,"12":4,"13":0},"f":{"0":14,"1":1,"2":4,"3":0},"b":{"0":[0,1],"1":[1,0],"2":[14,13],"3":[1,13]},"meta":{"lastBranch":4,"lastFunction":4,"lastStatement":14,"seen":{"f:9:24:9:40":0,"s:10:24:10:Infinity":0,"s:11:30:11:Infinity":1,"s:13:25:25:Infinity":2,"f:13:25:13:32":1,"s:14:8:14:Infinity":3,"b:15:8:15:Infinity:undefined:undefined:undefined:undefined":0,"s:15:8:15:Infinity":4,"s:15:29:15:Infinity":5,"s:17:8:17:Infinity":6,"s:18:20:18:Infinity":7,"b:20:8:23:Infinity:undefined:undefined:undefined:undefined":1,"s:20:8:23:Infinity":8,"s:21:12:21:Infinity":9,"s:22:12:22:Infinity":10,"s:27:4:70:Infinity":11,"f:48:38:48:39":2,"s:48:45:48:Infinity":12,"b:58:34:58:45:58:45:58:Infinity":2,"b:62:35:62:84:62:84:62:Infinity":3,"f:66:49:66:55":3,"s:66:55:66:93":13}}}
,"C:\\laragon\\www\\gsn-crm\\src\\app\\auth\\verify-email\\page.tsx": {"path":"C:\\laragon\\www\\gsn-crm\\src\\app\\auth\\verify-email\\page.tsx","statementMap":{"0":{"start":{"line":12,"column":10},"end":{"line":12,"column":null}},"1":{"start":{"line":13,"column":10},"end":{"line":13,"column":null}},"2":{"start":{"line":14,"column":18},"end":{"line":14,"column":null}},"3":{"start":{"line":16,"column":22},"end":{"line":16,"column":null}},"4":{"start":{"line":17,"column":30},"end":{"line":17,"column":null}},"5":{"start":{"line":18,"column":42},"end":{"line":18,"column":null}},"6":{"start":{"line":19,"column":26},"end":{"line":19,"column":null}},"7":{"start":{"line":20,"column":44},"end":{"line":20,"column":null}},"8":{"start":{"line":21,"column":26},"end":{"line":21,"column":null}},"9":{"start":{"line":24,"column":4},"end":{"line":28,"column":null}},"10":{"start":{"line":25,"column":8},"end":{"line":27,"column":null}},"11":{"start":{"line":26,"column":12},"end":{"line":26,"column":null}},"12":{"start":{"line":31,"column":4},"end":{"line":39,"column":null}},"13":{"start":{"line":33,"column":8},"end":{"line":37,"column":null}},"14":{"start":{"line":34,"column":12},"end":{"line":36,"column":null}},"15":{"start":{"line":35,"column":16},"end":{"line":35,"column":null}},"16":{"start":{"line":35,"column":35},"end":{"line":35,"column":43}},"17":{"start":{"line":38,"column":8},"end":{"line":38,"column":null}},"18":{"start":{"line":38,"column":21},"end":{"line":38,"column":null}},"19":{"start":{"line":41,"column":25},"end":{"line":64,"column":null}},"20":{"start":{"line":42,"column":8},"end":{"line":42,"column":null}},"21":{"start":{"line":43,"column":8},"end":{"line":43,"column":null}},"22":{"start":{"line":44,"column":8},"end":{"line":44,"column":null}},"23":{"start":{"line":46,"column":8},"end":{"line":49,"column":null}},"24":{"start":{"line":47,"column":12},"end":{"line":47,"column":null}},"25":{"start":{"line":48,"column":12},"end":{"line":48,"column":null}},"26":{"start":{"line":51,"column":8},"end":{"line":51,"column":null}},"27":{"start":{"line":53,"column":25},"end":{"line":53,"column":null}},"28":{"start":{"line":54,"column":8},"end":{"line":54,"column":null}},"29":{"start":{"line":55,"column":8},"end":{"line":55,"column":null}},"30":{"start":{"line":57,"column":23},"end":{"line":57,"column":null}},"31":{"start":{"line":59,"column":8},"end":{"line":62,"column":null}},"32":{"start":{"line":60,"column":12},"end":{"line":60,"column":null}},"33":{"start":{"line":61,"column":12},"end":{"line":61,"column":null}},"34":{"start":{"line":66,"column":25},"end":{"line":86,"column":null}},"35":{"start":{"line":67,"column":8},"end":{"line":67,"column":null}},"36":{"start":{"line":67,"column":23},"end":{"line":67,"column":null}},"37":{"start":{"line":69,"column":8},"end":{"line":69,"column":null}},"38":{"start":{"line":70,"column":8},"end":{"line":70,"column":null}},"39":{"start":{"line":71,"column":8},"end":{"line":71,"column":null}},"40":{"start":{"line":73,"column":25},"end":{"line":73,"column":null}},"41":{"start":{"line":74,"column":8},"end":{"line":74,"column":null}},"42":{"start":{"line":76,"column":23},"end":{"line":76,"column":null}},"43":{"start":{"line":78,"column":8},"end":{"line":83,"column":null}},"44":{"start":{"line":79,"column":12},"end":{"line":79,"column":null}},"45":{"start":{"line":80,"column":8},"end":{"line":83,"column":null}},"46":{"start":{"line":81,"column":12},"end":{"line":81,"column":null}},"47":{"start":{"line":82,"column":12},"end":{"line":82,"column":null}},"48":{"start":{"line":85,"column":8},"end":{"line":85,"column":null}},"49":{"start":{"line":88,"column":4},"end":{"line":88,"column":null}},"50":{"start":{"line":88,"column":16},"end":{"line":88,"column":null}},"51":{"start":{"line":90,"column":4},"end":{"line":169,"column":null}},"52":{"start":{"line":124,"column":41},"end":{"line":124,"column":null}},"53":{"start":{"line":174,"column":4},"end":{"line":177,"column":null}}},"fnMap":{"0":{"name":"VerifyEmailForm","decl":{"start":{"line":11,"column":9},"end":{"line":11,"column":27}},"loc":{"start":{"line":11,"column":27},"end":{"line":171,"column":null}},"line":11},"1":{"name":"(anonymous_1)","decl":{"start":{"line":24,"column":14},"end":{"line":24,"column":20}},"loc":{"start":{"line":24,"column":20},"end":{"line":28,"column":7}},"line":24},"2":{"name":"(anonymous_2)","decl":{"start":{"line":31,"column":14},"end":{"line":31,"column":20}},"loc":{"start":{"line":31,"column":20},"end":{"line":39,"column":7}},"line":31},"3":{"name":"(anonymous_3)","decl":{"start":{"line":34,"column":35},"end":{"line":34,"column":41}},"loc":{"start":{"line":34,"column":41},"end":{"line":36,"column":15}},"line":34},"4":{"name":"(anonymous_4)","decl":{"start":{"line":35,"column":25},"end":{"line":35,"column":26}},"loc":{"start":{"line":35,"column":35},"end":{"line":35,"column":43}},"line":35},"5":{"name":"(anonymous_5)","decl":{"start":{"line":38,"column":15},"end":{"line":38,"column":21}},"loc":{"start":{"line":38,"column":21},"end":{"line":38,"column":null}},"line":38},"6":{"name":"(anonymous_6)","decl":{"start":{"line":41,"column":25},"end":{"line":41,"column":32}},"loc":{"start":{"line":41,"column":72},"end":{"line":64,"column":null}},"line":41},"7":{"name":"(anonymous_7)","decl":{"start":{"line":66,"column":25},"end":{"line":66,"column":37}},"loc":{"start":{"line":66,"column":37},"end":{"line":86,"column":null}},"line":66},"8":{"name":"(anonymous_8)","decl":{"start":{"line":124,"column":34},"end":{"line":124,"column":35}},"loc":{"start":{"line":124,"column":41},"end":{"line":124,"column":null}},"line":124},"9":{"name":"VerifyEmailPage","decl":{"start":{"line":173,"column":24},"end":{"line":173,"column":42}},"loc":{"start":{"line":173,"column":42},"end":{"line":179,"column":null}},"line":173}},"branchMap":{"0":{"loc":{"start":{"line":14,"column":18},"end":{"line":14,"column":null}},"type":"binary-expr","locations":[{"start":{"line":14,"column":18},"end":{"line":14,"column":47}},{"start":{"line":14,"column":47},"end":{"line":14,"column":null}}],"line":14},"1":{"loc":{"start":{"line":25,"column":8},"end":{"line":27,"column":null}},"type":"if","locations":[{"start":{"line":25,"column":8},"end":{"line":27,"column":null}},{"start":{},"end":{}}],"line":25},"2":{"loc":{"start":{"line":33,"column":8},"end":{"line":37,"column":null}},"type":"if","locations":[{"start":{"line":33,"column":8},"end":{"line":37,"column":null}},{"start":{},"end":{}}],"line":33},"3":{"loc":{"start":{"line":46,"column":8},"end":{"line":49,"column":null}},"type":"if","locations":[{"start":{"line":46,"column":8},"end":{"line":49,"column":null}},{"start":{},"end":{}}],"line":46},"4":{"loc":{"start":{"line":59,"column":8},"end":{"line":62,"column":null}},"type":"if","locations":[{"start":{"line":59,"column":8},"end":{"line":62,"column":null}},{"start":{},"end":{}}],"line":59},"5":{"loc":{"start":{"line":67,"column":8},"end":{"line":67,"column":null}},"type":"if","locations":[{"start":{"line":67,"column":8},"end":{"line":67,"column":null}},{"start":{},"end":{}}],"line":67},"6":{"loc":{"start":{"line":78,"column":8},"end":{"line":83,"column":null}},"type":"if","locations":[{"start":{"line":78,"column":8},"end":{"line":83,"column":null}},{"start":{"line":80,"column":8},"end":{"line":83,"column":null}}],"line":78},"7":{"loc":{"start":{"line":80,"column":8},"end":{"line":83,"column":null}},"type":"if","locations":[{"start":{"line":80,"column":8},"end":{"line":83,"column":null}},{"start":{},"end":{}}],"line":80},"8":{"loc":{"start":{"line":81,"column":30},"end":{"line":81,"column":75}},"type":"binary-expr","locations":[{"start":{"line":81,"column":30},"end":{"line":81,"column":48}},{"start":{"line":81,"column":48},"end":{"line":81,"column":75}}],"line":81},"9":{"loc":{"start":{"line":88,"column":4},"end":{"line":88,"column":null}},"type":"if","locations":[{"start":{"line":88,"column":4},"end":{"line":88,"column":null}},{"start":{},"end":{}}],"line":88},"10":{"loc":{"start":{"line":108,"column":17},"end":{"line":111,"column":null}},"type":"binary-expr","locations":[{"start":{"line":108,"column":17},"end":{"line":108,"column":null}},{"start":{"line":109,"column":20},"end":{"line":111,"column":null}}],"line":108},"11":{"loc":{"start":{"line":113,"column":17},"end":{"line":116,"column":null}},"type":"binary-expr","locations":[{"start":{"line":113,"column":17},"end":{"line":113,"column":null}},{"start":{"line":114,"column":20},"end":{"line":116,"column":null}}],"line":113},"12":{"loc":{"start":{"line":136,"column":30},"end":{"line":136,"column":null}},"type":"binary-expr","locations":[{"start":{"line":136,"column":30},"end":{"line":136,"column":50}},{"start":{"line":136,"column":50},"end":{"line":136,"column":null}}],"line":136},"13":{"loc":{"start":{"line":149,"column":34},"end":{"line":149,"column":null}},"type":"binary-expr","locations":[{"start":{"line":149,"column":34},"end":{"line":149,"column":47}},{"start":{"line":149,"column":47},"end":{"line":149,"column":null}}],"line":149},"14":{"loc":{"start":{"line":151,"column":28},"end":{"line":153,"column":null}},"type":"cond-expr","locations":[{"start":{"line":152,"column":34},"end":{"line":152,"column":null}},{"start":{"line":153,"column":34},"end":{"line":153,"column":null}}],"line":151},"15":{"loc":{"start":{"line":156,"column":25},"end":{"line":158,"column":null}},"type":"cond-expr","locations":[{"start":{"line":157,"column":28},"end":{"line":157,"column":null}},{"start":{"line":158,"column":28},"end":{"line":158,"column":null}}],"line":156},"16":{"loc":{"start":{"line":159,"column":25},"end":{"line":159,"column":null}},"type":"cond-expr","locations":[{"start":{"line":159,"column":37},"end":{"line":159,"column":61}},{"start":{"line":159,"column":61},"end":{"line":159,"column":null}}],"line":159}},"s":{"0":14,"1":14,"2":14,"3":14,"4":14,"5":14,"6":14,"7":14,"8":14,"9":14,"10":14,"11":0,"12":14,"13":8,"14":8,"15":0,"16":0,"17":8,"18":8,"19":14,"20":1,"21":1,"22":1,"23":1,"24":0,"25":0,"26":1,"27":1,"28":1,"29":1,"30":1,"31":1,"32":1,"33":1,"34":14,"35":0,"36":0,"37":0,"38":0,"39":0,"40":0,"41":0,"42":0,"43":0,"44":0,"45":0,"46":0,"47":0,"48":0,"49":14,"50":0,"51":14,"52":4,"53":8},"f":{"0":14,"1":14,"2":8,"3":0,"4":0,"5":8,"6":1,"7":0,"8":4,"9":8},"b":{"0":[14,0],"1":[0,14],"2":[8,0],"3":[0,1],"4":[1,0],"5":[0,0],"6":[0,0],"7":[0,0],"8":[0,0],"9":[0,14],"10":[14,1],"11":[14,0],"12":[14,5],"13":[14,0],"14":[14,0],"15":[0,14],"16":[14,0]},"meta":{"lastBranch":17,"lastFunction":10,"lastStatement":54,"seen":{"f:11:9:11:27":0,"s:12:10:12:Infinity":0,"s:13:10:13:Infinity":1,"s:14:18:14:Infinity":2,"b:14:18:14:47:14:47:14:Infinity":0,"s:16:22:16:Infinity":3,"s:17:30:17:Infinity":4,"s:18:42:18:Infinity":5,"s:19:26:19:Infinity":6,"s:20:44:20:Infinity":7,"s:21:26:21:Infinity":8,"s:24:4:28:Infinity":9,"f:24:14:24:20":1,"b:25:8:27:Infinity:undefined:undefined:undefined:undefined":1,"s:25:8:27:Infinity":10,"s:26:12:26:Infinity":11,"s:31:4:39:Infinity":12,"f:31:14:31:20":2,"b:33:8:37:Infinity:undefined:undefined:undefined:undefined":2,"s:33:8:37:Infinity":13,"s:34:12:36:Infinity":14,"f:34:35:34:41":3,"s:35:16:35:Infinity":15,"f:35:25:35:26":4,"s:35:35:35:43":16,"s:38:8:38:Infinity":17,"f:38:15:38:21":5,"s:38:21:38:Infinity":18,"s:41:25:64:Infinity":19,"f:41:25:41:32":6,"s:42:8:42:Infinity":20,"s:43:8:43:Infinity":21,"s:44:8:44:Infinity":22,"b:46:8:49:Infinity:undefined:undefined:undefined:undefined":3,"s:46:8:49:Infinity":23,"s:47:12:47:Infinity":24,"s:48:12:48:Infinity":25,"s:51:8:51:Infinity":26,"s:53:25:53:Infinity":27,"s:54:8:54:Infinity":28,"s:55:8:55:Infinity":29,"s:57:23:57:Infinity":30,"b:59:8:62:Infinity:undefined:undefined:undefined:undefined":4,"s:59:8:62:Infinity":31,"s:60:12:60:Infinity":32,"s:61:12:61:Infinity":33,"s:66:25:86:Infinity":34,"f:66:25:66:37":7,"b:67:8:67:Infinity:undefined:undefined:undefined:undefined":5,"s:67:8:67:Infinity":35,"s:67:23:67:Infinity":36,"s:69:8:69:Infinity":37,"s:70:8:70:Infinity":38,"s:71:8:71:Infinity":39,"s:73:25:73:Infinity":40,"s:74:8:74:Infinity":41,"s:76:23:76:Infinity":42,"b:78:8:83:Infinity:80:8:83:Infinity":6,"s:78:8:83:Infinity":43,"s:79:12:79:Infinity":44,"b:80:8:83:Infinity:undefined:undefined:undefined:undefined":7,"s:80:8:83:Infinity":45,"s:81:12:81:Infinity":46,"b:81:30:81:48:81:48:81:75":8,"s:82:12:82:Infinity":47,"s:85:8:85:Infinity":48,"b:88:4:88:Infinity:undefined:undefined:undefined:undefined":9,"s:88:4:88:Infinity":49,"s:88:16:88:Infinity":50,"s:90:4:169:Infinity":51,"b:108:17:108:Infinity:109:20:111:Infinity":10,"b:113:17:113:Infinity:114:20:116:Infinity":11,"f:124:34:124:35":8,"s:124:41:124:Infinity":52,"b:136:30:136:50:136:50:136:Infinity":12,"b:149:34:149:47:149:47:149:Infinity":13,"b:152:34:152:Infinity:153:34:153:Infinity":14,"b:157:28:157:Infinity:158:28:158:Infinity":15,"b:159:37:159:61:159:61:159:Infinity":16,"f:173:24:173:42":9,"s:174:4:177:Infinity":53}}}
,"C:\\laragon\\www\\gsn-crm\\src\\app\\brokers\\page.tsx": {"path":"C:\\laragon\\www\\gsn-crm\\src\\app\\brokers\\page.tsx","statementMap":{"0":{"start":{"line":11,"column":34},"end":{"line":14,"column":null}},"1":{"start":{"line":22,"column":17},"end":{"line":22,"column":null}},"2":{"start":{"line":25,"column":32},"end":{"line":25,"column":null}},"3":{"start":{"line":28,"column":20},"end":{"line":28,"column":null}},"4":{"start":{"line":30,"column":4},"end":{"line":108,"column":null}},"5":{"start":{"line":65,"column":32},"end":{"line":100,"column":null}},"6":{"start":{"line":84,"column":44},"end":{"line":87,"column":null}}},"fnMap":{"0":{"name":"BrokersPage","decl":{"start":{"line":21,"column":30},"end":{"line":21,"column":44}},"loc":{"start":{"line":21,"column":44},"end":{"line":110,"column":null}},"line":21},"1":{"name":"(anonymous_1)","decl":{"start":{"line":64,"column":41},"end":{"line":64,"column":42}},"loc":{"start":{"line":65,"column":32},"end":{"line":100,"column":null}},"line":65},"2":{"name":"(anonymous_2)","decl":{"start":{"line":83,"column":74},"end":{"line":83,"column":75}},"loc":{"start":{"line":84,"column":44},"end":{"line":87,"column":null}},"line":84}},"branchMap":{"0":{"loc":{"start":{"line":28,"column":20},"end":{"line":28,"column":null}},"type":"binary-expr","locations":[{"start":{"line":28,"column":20},"end":{"line":28,"column":33}},{"start":{"line":28,"column":33},"end":{"line":28,"column":null}}],"line":28},"1":{"loc":{"start":{"line":56,"column":21},"end":{"line":102,"column":null}},"type":"cond-expr","locations":[{"start":{"line":57,"column":24},"end":{"line":61,"column":null}},{"start":{"line":63,"column":24},"end":{"line":102,"column":null}}],"line":56},"2":{"loc":{"start":{"line":79,"column":41},"end":{"line":79,"column":null}},"type":"binary-expr","locations":[{"start":{"line":79,"column":41},"end":{"line":79,"column":59}},{"start":{"line":79,"column":59},"end":{"line":79,"column":null}}],"line":79},"3":{"loc":{"start":{"line":92,"column":46},"end":{"line":92,"column":null}},"type":"binary-expr","locations":[{"start":{"line":92,"column":46},"end":{"line":92,"column":69}},{"start":{"line":92,"column":69},"end":{"line":92,"column":83}},{"start":{"line":92,"column":83},"end":{"line":92,"column":null}}],"line":92},"4":{"loc":{"start":{"line":65,"column":42},"end":{"line":65,"column":62}},"type":"binary-expr","locations":[{"start":{"line":65,"column":42},"end":{"line":65,"column":55}},{"start":{"line":65,"column":55},"end":{"line":65,"column":62}}],"line":65}},"s":{"0":1,"1":6,"2":6,"3":6,"4":6,"5":10,"6":30},"f":{"0":6,"1":10,"2":30},"b":{"0":[6,0],"1":[1,5],"2":[10,0],"3":[10,0,0],"4":[10,0]},"meta":{"lastBranch":5,"lastFunction":3,"lastStatement":7,"seen":{"s:11:34:14:Infinity":0,"f:21:30:21:44":0,"s:22:17:22:Infinity":1,"s:25:32:25:Infinity":2,"s:28:20:28:Infinity":3,"b:28:20:28:33:28:33:28:Infinity":0,"s:30:4:108:Infinity":4,"b:57:24:61:Infinity:63:24:102:Infinity":1,"f:64:41:64:42":1,"s:65:32:100:Infinity":5,"b:79:41:79:59:79:59:79:Infinity":2,"f:83:74:83:75":2,"s:84:44:87:Infinity":6,"b:92:46:92:69:92:69:92:83:92:83:92:Infinity":3,"b:65:42:65:55:65:55:65:62":4}}}
,"C:\\laragon\\www\\gsn-crm\\src\\app\\knowledge\\page.tsx": {"path":"C:\\laragon\\www\\gsn-crm\\src\\app\\knowledge\\page.tsx","statementMap":{"0":{"start":{"line":18,"column":26},"end":{"line":18,"column":null}},"1":{"start":{"line":30,"column":19},"end":{"line":30,"column":null}},"2":{"start":{"line":31,"column":18},"end":{"line":31,"column":null}},"3":{"start":{"line":32,"column":25},"end":{"line":32,"column":null}},"4":{"start":{"line":33,"column":20},"end":{"line":33,"column":null}},"5":{"start":{"line":34,"column":24},"end":{"line":34,"column":null}},"6":{"start":{"line":35,"column":27},"end":{"line":35,"column":null}},"7":{"start":{"line":37,"column":32},"end":{"line":39,"column":null}},"8":{"start":{"line":41,"column":4},"end":{"line":46,"column":null}},"9":{"start":{"line":42,"column":8},"end":{"line":45,"column":null}},"10":{"start":{"line":48,"column":4},"end":{"line":52,"column":null}},"11":{"start":{"line":49,"column":8},"end":{"line":51,"column":null}},"12":{"start":{"line":54,"column":4},"end":{"line":62,"column":null}},"13":{"start":{"line":55,"column":8},"end":{"line":61,"column":null}},"14":{"start":{"line":64,"column":53},"end":{"line":79,"column":null}},"15":{"start":{"line":81,"column":23},"end":{"line":81,"column":null}},"16":{"start":{"line":83,"column":4},"end":{"line":177,"column":null}},"17":{"start":{"line":116,"column":36},"end":{"line":122,"column":null}},"18":{"start":{"line":135,"column":85},"end":{"line":135,"column":108}},"19":{"start":{"line":155,"column":36},"end":{"line":155,"column":null}}},"fnMap":{"0":{"name":"LibraryPage","decl":{"start":{"line":29,"column":30},"end":{"line":29,"column":42}},"loc":{"start":{"line":29,"column":67},"end":{"line":179,"column":null}},"line":29},"1":{"name":"(anonymous_1)","decl":{"start":{"line":115,"column":48},"end":{"line":115,"column":49}},"loc":{"start":{"line":116,"column":36},"end":{"line":122,"column":null}},"line":116},"2":{"name":"(anonymous_2)","decl":{"start":{"line":135,"column":80},"end":{"line":135,"column":85}},"loc":{"start":{"line":135,"column":85},"end":{"line":135,"column":108}},"line":135},"3":{"name":"(anonymous_3)","decl":{"start":{"line":154,"column":46},"end":{"line":154,"column":47}},"loc":{"start":{"line":155,"column":36},"end":{"line":155,"column":null}},"line":155}},"branchMap":{"0":{"loc":{"start":{"line":31,"column":18},"end":{"line":31,"column":null}},"type":"binary-expr","locations":[{"start":{"line":31,"column":18},"end":{"line":31,"column":31}},{"start":{"line":31,"column":31},"end":{"line":31,"column":null}}],"line":31},"1":{"loc":{"start":{"line":34,"column":24},"end":{"line":34,"column":null}},"type":"binary-expr","locations":[{"start":{"line":34,"column":24},"end":{"line":34,"column":48}},{"start":{"line":34,"column":48},"end":{"line":34,"column":null}}],"line":34},"2":{"loc":{"start":{"line":41,"column":4},"end":{"line":46,"column":null}},"type":"if","locations":[{"start":{"line":41,"column":4},"end":{"line":46,"column":null}},{"start":{},"end":{}}],"line":41},"3":{"loc":{"start":{"line":48,"column":4},"end":{"line":52,"column":null}},"type":"if","locations":[{"start":{"line":48,"column":4},"end":{"line":52,"column":null}},{"start":{},"end":{}}],"line":48},"4":{"loc":{"start":{"line":54,"column":4},"end":{"line":62,"column":null}},"type":"if","locations":[{"start":{"line":54,"column":4},"end":{"line":62,"column":null}},{"start":{},"end":{}}],"line":54},"5":{"loc":{"start":{"line":134,"column":32},"end":{"line":137,"column":null}},"type":"cond-expr","locations":[{"start":{"line":134,"column":40},"end":{"line":134,"column":null}},{"start":{"line":135,"column":36},"end":{"line":137,"column":null}}],"line":134},"6":{"loc":{"start":{"line":135,"column":36},"end":{"line":137,"column":null}},"type":"cond-expr","locations":[{"start":{"line":135,"column":51},"end":{"line":135,"column":null}},{"start":{"line":136,"column":40},"end":{"line":137,"column":null}}],"line":135},"7":{"loc":{"start":{"line":135,"column":64},"end":{"line":135,"column":131}},"type":"binary-expr","locations":[{"start":{"line":135,"column":64},"end":{"line":135,"column":119}},{"start":{"line":135,"column":119},"end":{"line":135,"column":131}}],"line":135},"8":{"loc":{"start":{"line":136,"column":40},"end":{"line":137,"column":null}},"type":"cond-expr","locations":[{"start":{"line":136,"column":50},"end":{"line":136,"column":null}},{"start":{"line":137,"column":44},"end":{"line":137,"column":null}}],"line":136},"9":{"loc":{"start":{"line":140,"column":24},"end":{"line":147,"column":null}},"type":"binary-expr","locations":[{"start":{"line":141,"column":26},"end":{"line":141,"column":35}},{"start":{"line":141,"column":35},"end":{"line":141,"column":51}},{"start":{"line":141,"column":51},"end":{"line":141,"column":null}},{"start":{"line":142,"column":28},"end":{"line":147,"column":null}}],"line":140},"10":{"loc":{"start":{"line":151,"column":21},"end":{"line":171,"column":null}},"type":"cond-expr","locations":[{"start":{"line":152,"column":24},"end":{"line":161,"column":null}},{"start":{"line":163,"column":24},"end":{"line":171,"column":null}}],"line":151},"11":{"loc":{"start":{"line":168,"column":33},"end":{"line":168,"column":null}},"type":"cond-expr","locations":[{"start":{"line":168,"column":41},"end":{"line":168,"column":71}},{"start":{"line":168,"column":71},"end":{"line":168,"column":null}}],"line":168}},"s":{"0":1,"1":6,"2":6,"3":6,"4":6,"5":6,"6":6,"7":6,"8":6,"9":0,"10":6,"11":0,"12":6,"13":0,"14":6,"15":6,"16":6,"17":0,"18":0,"19":10},"f":{"0":6,"1":0,"2":0,"3":10},"b":{"0":[6,6],"1":[6,6],"2":[0,6],"3":[0,6],"4":[0,6],"5":[0,6],"6":[0,6],"7":[0,0],"8":[0,6],"9":[6,6,6,0],"10":[5,1],"11":[0,1]},"meta":{"lastBranch":12,"lastFunction":4,"lastStatement":20,"seen":{"s:18:26:18:Infinity":0,"f:29:30:29:42":0,"s:30:19:30:Infinity":1,"s:31:18:31:Infinity":2,"b:31:18:31:31:31:31:31:Infinity":0,"s:32:25:32:Infinity":3,"s:33:20:33:Infinity":4,"s:34:24:34:Infinity":5,"b:34:24:34:48:34:48:34:Infinity":1,"s:35:27:35:Infinity":6,"s:37:32:39:Infinity":7,"b:41:4:46:Infinity:undefined:undefined:undefined:undefined":2,"s:41:4:46:Infinity":8,"s:42:8:45:Infinity":9,"b:48:4:52:Infinity:undefined:undefined:undefined:undefined":3,"s:48:4:52:Infinity":10,"s:49:8:51:Infinity":11,"b:54:4:62:Infinity:undefined:undefined:undefined:undefined":4,"s:54:4:62:Infinity":12,"s:55:8:61:Infinity":13,"s:64:53:79:Infinity":14,"s:81:23:81:Infinity":15,"s:83:4:177:Infinity":16,"f:115:48:115:49":1,"s:116:36:122:Infinity":17,"b:134:40:134:Infinity:135:36:137:Infinity":5,"b:135:51:135:Infinity:136:40:137:Infinity":6,"b:135:64:135:119:135:119:135:131":7,"f:135:80:135:85":2,"s:135:85:135:108":18,"b:136:50:136:Infinity:137:44:137:Infinity":8,"b:141:26:141:35:141:35:141:51:141:51:141:Infinity:142:28:147:Infinity":9,"b:152:24:161:Infinity:163:24:171:Infinity":10,"f:154:46:154:47":3,"s:155:36:155:Infinity":19,"b:168:41:168:71:168:71:168:Infinity":11}}}
,"C:\\laragon\\www\\gsn-crm\\src\\components\\ui\\Button.tsx": {"path":"C:\\laragon\\www\\gsn-crm\\src\\components\\ui\\Button.tsx","statementMap":{"0":{"start":{"line":12,"column":30},"end":{"line":41,"column":null}},"1":{"start":{"line":21,"column":21},"end":{"line":21,"column":null}},"2":{"start":{"line":23,"column":19},"end":{"line":31,"column":null}},"3":{"start":{"line":33,"column":16},"end":{"line":38,"column":null}},"4":{"start":{"line":40,"column":2},"end":{"line":40,"column":null}},"5":{"start":{"line":43,"column":15},"end":{"line":57,"column":null}},"6":{"start":{"line":45,"column":4},"end":{"line":54,"column":null}},"7":{"start":{"line":58,"column":0},"end":{"line":58,"column":null}}},"fnMap":{"0":{"name":"(anonymous_0)","decl":{"start":{"line":12,"column":30},"end":{"line":12,"column":31}},"loc":{"start":{"line":20,"column":6},"end":{"line":41,"column":null}},"line":20},"1":{"name":"(anonymous_1)","decl":{"start":{"line":44,"column":2},"end":{"line":44,"column":3}},"loc":{"start":{"line":44,"column":91},"end":{"line":56,"column":null}},"line":44}},"branchMap":{"0":{"loc":{"start":{"line":13,"column":2},"end":{"line":13,"column":null}},"type":"default-arg","locations":[{"start":{"line":13,"column":12},"end":{"line":13,"column":null}}],"line":13},"1":{"loc":{"start":{"line":14,"column":2},"end":{"line":14,"column":null}},"type":"default-arg","locations":[{"start":{"line":14,"column":9},"end":{"line":14,"column":null}}],"line":14},"2":{"loc":{"start":{"line":15,"column":2},"end":{"line":15,"column":null}},"type":"default-arg","locations":[{"start":{"line":15,"column":14},"end":{"line":15,"column":null}}],"line":15},"3":{"loc":{"start":{"line":40,"column":33},"end":{"line":40,"column":53}},"type":"binary-expr","locations":[{"start":{"line":40,"column":33},"end":{"line":40,"column":44}},{"start":{"line":40,"column":44},"end":{"line":40,"column":53}}],"line":40},"4":{"loc":{"start":{"line":40,"column":62},"end":{"line":40,"column":74}},"type":"binary-expr","locations":[{"start":{"line":40,"column":62},"end":{"line":40,"column":70}},{"start":{"line":40,"column":70},"end":{"line":40,"column":74}}],"line":40},"5":{"loc":{"start":{"line":44,"column":16},"end":{"line":44,"column":37}},"type":"default-arg","locations":[{"start":{"line":44,"column":26},"end":{"line":44,"column":37}}],"line":44},"6":{"loc":{"start":{"line":44,"column":37},"end":{"line":44,"column":50}},"type":"default-arg","locations":[{"start":{"line":44,"column":44},"end":{"line":44,"column":50}}],"line":44},"7":{"loc":{"start":{"line":49,"column":18},"end":{"line":49,"column":null}},"type":"binary-expr","locations":[{"start":{"line":49,"column":18},"end":{"line":49,"column":31}},{"start":{"line":49,"column":31},"end":{"line":49,"column":null}}],"line":49},"8":{"loc":{"start":{"line":52,"column":9},"end":{"line":52,"column":null}},"type":"binary-expr","locations":[{"start":{"line":52,"column":9},"end":{"line":52,"column":22}},{"start":{"line":52,"column":22},"end":{"line":52,"column":null}}],"line":52}},"s":{"0":8,"1":140,"2":140,"3":140,"4":140,"5":8,"6":140,"7":8},"f":{"0":140,"1":140},"b":{"0":[140],"1":[140],"2":[140],"3":[140,0],"4":[140,0],"5":[140],"6":[140],"7":[140,135],"8":[140,5]},"meta":{"lastBranch":9,"lastFunction":2,"lastStatement":8,"seen":{"s:12:30:41:Infinity":0,"f:12:30:12:31":0,"b:13:12:13:Infinity":0,"b:14:9:14:Infinity":1,"b:15:14:15:Infinity":2,"s:21:21:21:Infinity":1,"s:23:19:31:Infinity":2,"s:33:16:38:Infinity":3,"s:40:2:40:Infinity":4,"b:40:33:40:44:40:44:40:53":3,"b:40:62:40:70:40:70:40:74":4,"s:43:15:57:Infinity":5,"f:44:2:44:3":1,"b:44:26:44:37":5,"b:44:44:44:50":6,"s:45:4:54:Infinity":6,"b:49:18:49:31:49:31:49:Infinity":7,"b:52:9:52:22:52:22:52:Infinity":8,"s:58:0:58:Infinity":7}}}
,"C:\\laragon\\www\\gsn-crm\\src\\components\\ui\\Input.tsx": {"path":"C:\\laragon\\www\\gsn-crm\\src\\components\\ui\\Input.tsx","statementMap":{"0":{"start":{"line":10,"column":14},"end":{"line":54,"column":null}},"1":{"start":{"line":12,"column":8},"end":{"line":51,"column":null}},"2":{"start":{"line":55,"column":0},"end":{"line":55,"column":null}}},"fnMap":{"0":{"name":"(anonymous_0)","decl":{"start":{"line":11,"column":4},"end":{"line":11,"column":5}},"loc":{"start":{"line":11,"column":82},"end":{"line":53,"column":null}},"line":11}},"branchMap":{"0":{"loc":{"start":{"line":14,"column":17},"end":{"line":17,"column":null}},"type":"binary-expr","locations":[{"start":{"line":14,"column":17},"end":{"line":14,"column":null}},{"start":{"line":15,"column":20},"end":{"line":17,"column":null}}],"line":14},"1":{"loc":{"start":{"line":20,"column":21},"end":{"line":23,"column":null}},"type":"binary-expr","locations":[{"start":{"line":20,"column":21},"end":{"line":20,"column":null}},{"start":{"line":21,"column":24},"end":{"line":23,"column":null}}],"line":20},"2":{"loc":{"start":{"line":32,"column":28},"end":{"line":32,"column":null}},"type":"cond-expr","locations":[{"start":{"line":32,"column":40},"end":{"line":32,"column":50}},{"start":{"line":32,"column":50},"end":{"line":32,"column":null}}],"line":32},"3":{"loc":{"start":{"line":33,"column":28},"end":{"line":33,"column":null}},"type":"cond-expr","locations":[{"start":{"line":33,"column":38},"end":{"line":33,"column":48}},{"start":{"line":33,"column":48},"end":{"line":33,"column":null}}],"line":33},"4":{"loc":{"start":{"line":34,"column":28},"end":{"line":34,"column":null}},"type":"cond-expr","locations":[{"start":{"line":34,"column":36},"end":{"line":34,"column":98}},{"start":{"line":34,"column":98},"end":{"line":34,"column":null}}],"line":34},"5":{"loc":{"start":{"line":40,"column":21},"end":{"line":43,"column":null}},"type":"binary-expr","locations":[{"start":{"line":40,"column":21},"end":{"line":40,"column":null}},{"start":{"line":41,"column":24},"end":{"line":43,"column":null}}],"line":40},"6":{"loc":{"start":{"line":46,"column":17},"end":{"line":49,"column":null}},"type":"binary-expr","locations":[{"start":{"line":46,"column":17},"end":{"line":46,"column":null}},{"start":{"line":47,"column":20},"end":{"line":49,"column":null}}],"line":46}},"s":{"0":2,"1":78,"2":2},"f":{"0":78},"b":{"0":[78,78],"1":[78,78],"2":[78,0],"3":[39,39],"4":[0,78],"5":[78,39],"6":[78,0]},"meta":{"lastBranch":7,"lastFunction":1,"lastStatement":3,"seen":{"s:10:14:54:Infinity":0,"f:11:4:11:5":0,"s:12:8:51:Infinity":1,"b:14:17:14:Infinity:15:20:17:Infinity":0,"b:20:21:20:Infinity:21:24:23:Infinity":1,"b:32:40:32:50:32:50:32:Infinity":2,"b:33:38:33:48:33:48:33:Infinity":3,"b:34:36:34:98:34:98:34:Infinity":4,"b:40:21:40:Infinity:41:24:43:Infinity":5,"b:46:17:46:Infinity:47:20:49:Infinity":6,"s:55:0:55:Infinity":2}}}
,"C:\\laragon\\www\\gsn-crm\\src\\components\\ui\\Logo.tsx": {"path":"C:\\laragon\\www\\gsn-crm\\src\\components\\ui\\Logo.tsx","statementMap":{"0":{"start":{"line":6,"column":13},"end":{"line":17,"column":null}},"1":{"start":{"line":7,"column":4},"end":{"line":15,"column":null}}},"fnMap":{"0":{"name":"Logo2","decl":{"start":{"line":6,"column":34},"end":{"line":6,"column":39}},"loc":{"start":{"line":6,"column":117},"end":{"line":17,"column":1}},"line":6}},"branchMap":{"0":{"loc":{"start":{"line":12,"column":65},"end":{"line":12,"column":113}},"type":"binary-expr","locations":[{"start":{"line":12,"column":65},"end":{"line":12,"column":82}},{"start":{"line":12,"column":82},"end":{"line":12,"column":113}}],"line":12}},"s":{"0":1,"1":3},"f":{"0":3},"b":{"0":[3,3]},"meta":{"lastBranch":1,"lastFunction":1,"lastStatement":2,"seen":{"s:6:13:17:Infinity":0,"f:6:34:6:39":0,"s:7:4:15:Infinity":1,"b:12:65:12:82:12:82:12:113":0}}}
,"C:\\laragon\\www\\gsn-crm\\src\\components\\ui\\Pagination.tsx": {"path":"C:\\laragon\\www\\gsn-crm\\src\\components\\ui\\Pagination.tsx","statementMap":{"0":{"start":{"line":12,"column":26},"end":{"line":86,"column":null}},"1":{"start":{"line":13,"column":10},"end":{"line":13,"column":null}},"2":{"start":{"line":14,"column":10},"end":{"line":14,"column":null}},"3":{"start":{"line":15,"column":24},"end":{"line":15,"column":null}},"4":{"start":{"line":17,"column":26},"end":{"line":21,"column":null}},"5":{"start":{"line":18,"column":23},"end":{"line":18,"column":null}},"6":{"start":{"line":19,"column":8},"end":{"line":19,"column":null}},"7":{"start":{"line":20,"column":8},"end":{"line":20,"column":null}},"8":{"start":{"line":23,"column":4},"end":{"line":23,"column":null}},"9":{"start":{"line":23,"column":25},"end":{"line":23,"column":null}},"10":{"start":{"line":25,"column":4},"end":{"line":84,"column":null}},"11":{"start":{"line":48,"column":66},"end":{"line":48,"column":71}},"12":{"start":{"line":49,"column":24},"end":{"line":63,"column":null}}},"fnMap":{"0":{"name":"(anonymous_0)","decl":{"start":{"line":12,"column":26},"end":{"line":12,"column":27}},"loc":{"start":{"line":12,"column":63},"end":{"line":86,"column":null}},"line":12},"1":{"name":"(anonymous_1)","decl":{"start":{"line":17,"column":26},"end":{"line":17,"column":27}},"loc":{"start":{"line":17,"column":59},"end":{"line":21,"column":null}},"line":17},"2":{"name":"(anonymous_2)","decl":{"start":{"line":48,"column":56},"end":{"line":48,"column":57}},"loc":{"start":{"line":48,"column":66},"end":{"line":48,"column":71}},"line":48},"3":{"name":"(anonymous_3)","decl":{"start":{"line":48,"column":77},"end":{"line":48,"column":78}},"loc":{"start":{"line":49,"column":24},"end":{"line":63,"column":null}},"line":49}},"branchMap":{"0":{"loc":{"start":{"line":15,"column":24},"end":{"line":15,"column":null}},"type":"binary-expr","locations":[{"start":{"line":15,"column":24},"end":{"line":15,"column":60}},{"start":{"line":15,"column":60},"end":{"line":15,"column":null}}],"line":15},"1":{"loc":{"start":{"line":23,"column":4},"end":{"line":23,"column":null}},"type":"if","locations":[{"start":{"line":23,"column":4},"end":{"line":23,"column":null}},{"start":{},"end":{}}],"line":23},"2":{"loc":{"start":{"line":35,"column":86},"end":{"line":37,"column":null}},"type":"cond-expr","locations":[{"start":{"line":36,"column":30},"end":{"line":36,"column":null}},{"start":{"line":37,"column":30},"end":{"line":37,"column":null}}],"line":35},"3":{"loc":{"start":{"line":53,"column":41},"end":{"line":53,"column":null}},"type":"cond-expr","locations":[{"start":{"line":53,"column":64},"end":{"line":53,"column":76}},{"start":{"line":53,"column":76},"end":{"line":53,"column":null}}],"line":53},"4":{"loc":{"start":{"line":54,"column":174},"end":{"line":56,"column":null}},"type":"cond-expr","locations":[{"start":{"line":55,"column":38},"end":{"line":55,"column":null}},{"start":{"line":56,"column":38},"end":{"line":56,"column":null}}],"line":54},"5":{"loc":{"start":{"line":60,"column":42},"end":{"line":60,"column":null}},"type":"cond-expr","locations":[{"start":{"line":60,"column":65},"end":{"line":60,"column":74}},{"start":{"line":60,"column":74},"end":{"line":60,"column":null}}],"line":60},"6":{"loc":{"start":{"line":73,"column":86},"end":{"line":75,"column":null}},"type":"cond-expr","locations":[{"start":{"line":74,"column":30},"end":{"line":74,"column":null}},{"start":{"line":75,"column":30},"end":{"line":75,"column":null}}],"line":73}},"s":{"0":1,"1":5,"2":5,"3":5,"4":5,"5":0,"6":0,"7":0,"8":5,"9":5,"10":0,"11":0,"12":0},"f":{"0":5,"1":0,"2":0,"3":0},"b":{"0":[5,5],"1":[5,0],"2":[0,0],"3":[0,0],"4":[0,0],"5":[0,0],"6":[0,0]},"meta":{"lastBranch":7,"lastFunction":4,"lastStatement":13,"seen":{"s:12:26:86:Infinity":0,"f:12:26:12:27":0,"s:13:10:13:Infinity":1,"s:14:10:14:Infinity":2,"s:15:24:15:Infinity":3,"b:15:24:15:60:15:60:15:Infinity":0,"s:17:26:21:Infinity":4,"f:17:26:17:27":1,"s:18:23:18:Infinity":5,"s:19:8:19:Infinity":6,"s:20:8:20:Infinity":7,"b:23:4:23:Infinity:undefined:undefined:undefined:undefined":1,"s:23:4:23:Infinity":8,"s:23:25:23:Infinity":9,"s:25:4:84:Infinity":10,"b:36:30:36:Infinity:37:30:37:Infinity":2,"f:48:56:48:57":2,"s:48:66:48:71":11,"f:48:77:48:78":3,"s:49:24:63:Infinity":12,"b:53:64:53:76:53:76:53:Infinity":3,"b:55:38:55:Infinity:56:38:56:Infinity":4,"b:60:65:60:74:60:74:60:Infinity":5,"b:74:30:74:Infinity:75:30:75:Infinity":6}}}
,"C:\\laragon\\www\\gsn-crm\\src\\components\\ui\\SearchInput.tsx": {"path":"C:\\laragon\\www\\gsn-crm\\src\\components\\ui\\SearchInput.tsx","statementMap":{"0":{"start":{"line":7,"column":27},"end":{"line":38,"column":null}},"1":{"start":{"line":8,"column":10},"end":{"line":8,"column":null}},"2":{"start":{"line":9,"column":20},"end":{"line":9,"column":null}},"3":{"start":{"line":11,"column":10},"end":{"line":22,"column":null}},"4":{"start":{"line":12,"column":23},"end":{"line":12,"column":null}},"5":{"start":{"line":13,"column":8},"end":{"line":17,"column":null}},"6":{"start":{"line":14,"column":12},"end":{"line":14,"column":null}},"7":{"start":{"line":16,"column":12},"end":{"line":16,"column":null}},"8":{"start":{"line":19,"column":8},"end":{"line":19,"column":null}},"9":{"start":{"line":21,"column":8},"end":{"line":21,"column":null}},"10":{"start":{"line":24,"column":4},"end":{"line":36,"column":null}},"11":{"start":{"line":33,"column":33},"end":{"line":33,"column":null}}},"fnMap":{"0":{"name":"(anonymous_0)","decl":{"start":{"line":7,"column":27},"end":{"line":7,"column":33}},"loc":{"start":{"line":7,"column":33},"end":{"line":38,"column":null}},"line":7},"1":{"name":"(anonymous_1)","decl":{"start":{"line":11,"column":46},"end":{"line":11,"column":47}},"loc":{"start":{"line":11,"column":64},"end":{"line":22,"column":7}},"line":11},"2":{"name":"(anonymous_2)","decl":{"start":{"line":33,"column":26},"end":{"line":33,"column":27}},"loc":{"start":{"line":33,"column":33},"end":{"line":33,"column":null}},"line":33}},"branchMap":{"0":{"loc":{"start":{"line":13,"column":8},"end":{"line":17,"column":null}},"type":"if","locations":[{"start":{"line":13,"column":8},"end":{"line":17,"column":null}},{"start":{"line":15,"column":15},"end":{"line":17,"column":null}}],"line":13}},"s":{"0":1,"1":6,"2":6,"3":6,"4":0,"5":0,"6":0,"7":0,"8":0,"9":0,"10":6,"11":0},"f":{"0":6,"1":0,"2":0},"b":{"0":[0,0]},"meta":{"lastBranch":1,"lastFunction":3,"lastStatement":12,"seen":{"s:7:27:38:Infinity":0,"f:7:27:7:33":0,"s:8:10:8:Infinity":1,"s:9:20:9:Infinity":2,"s:11:10:22:Infinity":3,"f:11:46:11:47":1,"s:12:23:12:Infinity":4,"b:13:8:17:Infinity:15:15:17:Infinity":0,"s:13:8:17:Infinity":5,"s:14:12:14:Infinity":6,"s:16:12:16:Infinity":7,"s:19:8:19:Infinity":8,"s:21:8:21:Infinity":9,"s:24:4:36:Infinity":10,"f:33:26:33:27":2,"s:33:33:33:Infinity":11}}}
,"C:\\laragon\\www\\gsn-crm\\src\\lib\\utils.ts": {"path":"C:\\laragon\\www\\gsn-crm\\src\\lib\\utils.ts","statementMap":{"0":{"start":{"line":6,"column":2},"end":{"line":6,"column":null}},"1":{"start":{"line":13,"column":19},"end":{"line":13,"column":null}},"2":{"start":{"line":14,"column":2},"end":{"line":17,"column":null}},"3":{"start":{"line":14,"column":15},"end":{"line":14,"column":36}},"4":{"start":{"line":15,"column":14},"end":{"line":15,"column":null}},"5":{"start":{"line":16,"column":4},"end":{"line":16,"column":null}},"6":{"start":{"line":18,"column":2},"end":{"line":18,"column":null}},"7":{"start":{"line":26,"column":4},"end":{"line":26,"column":null}},"8":{"start":{"line":33,"column":4},"end":{"line":33,"column":null}},"9":{"start":{"line":40,"column":4},"end":{"line":40,"column":null}},"10":{"start":{"line":40,"column":30},"end":{"line":40,"column":null}},"11":{"start":{"line":42,"column":47},"end":{"line":42,"column":null}},"12":{"start":{"line":43,"column":4},"end":{"line":43,"column":null}},"13":{"start":{"line":43,"column":18},"end":{"line":43,"column":null}},"14":{"start":{"line":44,"column":4},"end":{"line":44,"column":null}},"15":{"start":{"line":44,"column":16},"end":{"line":44,"column":null}},"16":{"start":{"line":46,"column":4},"end":{"line":46,"column":null}},"17":{"start":{"line":54,"column":4},"end":{"line":54,"column":null}},"18":{"start":{"line":54,"column":18},"end":{"line":54,"column":null}},"19":{"start":{"line":56,"column":17},"end":{"line":56,"column":null}},"20":{"start":{"line":58,"column":25},"end":{"line":58,"column":null}},"21":{"start":{"line":60,"column":19},"end":{"line":60,"column":null}},"22":{"start":{"line":61,"column":22},"end":{"line":61,"column":null}},"23":{"start":{"line":62,"column":21},"end":{"line":62,"column":null}},"24":{"start":{"line":64,"column":4},"end":{"line":64,"column":null}},"25":{"start":{"line":72,"column":4},"end":{"line":72,"column":null}},"26":{"start":{"line":72,"column":14},"end":{"line":72,"column":null}},"27":{"start":{"line":75,"column":20},"end":{"line":75,"column":null}},"28":{"start":{"line":76,"column":18},"end":{"line":76,"column":null}},"29":{"start":{"line":78,"column":4},"end":{"line":88,"column":null}},"30":{"start":{"line":79,"column":19},"end":{"line":79,"column":null}},"31":{"start":{"line":81,"column":26},"end":{"line":81,"column":null}},"32":{"start":{"line":82,"column":22},"end":{"line":82,"column":null}},"33":{"start":{"line":87,"column":8},"end":{"line":87,"column":null}},"34":{"start":{"line":90,"column":4},"end":{"line":90,"column":null}}},"fnMap":{"0":{"name":"cn","decl":{"start":{"line":5,"column":16},"end":{"line":5,"column":22}},"loc":{"start":{"line":5,"column":44},"end":{"line":7,"column":null}},"line":5},"1":{"name":"shuffleArray","decl":{"start":{"line":12,"column":16},"end":{"line":12,"column":32}},"loc":{"start":{"line":12,"column":49},"end":{"line":19,"column":null}},"line":12},"2":{"name":"parseLocalStartOfDay","decl":{"start":{"line":25,"column":16},"end":{"line":25,"column":37}},"loc":{"start":{"line":25,"column":76},"end":{"line":27,"column":null}},"line":25},"3":{"name":"parseLocalEndOfDay","decl":{"start":{"line":32,"column":16},"end":{"line":32,"column":35}},"loc":{"start":{"line":32,"column":74},"end":{"line":34,"column":null}},"line":32},"4":{"name":"buildDateRangeFilter","decl":{"start":{"line":39,"column":16},"end":{"line":39,"column":37}},"loc":{"start":{"line":39,"column":113},"end":{"line":47,"column":null}},"line":39},"5":{"name":"formatAccountLabel","decl":{"start":{"line":53,"column":16},"end":{"line":53,"column":35}},"loc":{"start":{"line":53,"column":57},"end":{"line":65,"column":null}},"line":53},"6":{"name":"transformImageUrl","decl":{"start":{"line":71,"column":16},"end":{"line":71,"column":34}},"loc":{"start":{"line":71,"column":55},"end":{"line":91,"column":null}},"line":71}},"branchMap":{"0":{"loc":{"start":{"line":26,"column":11},"end":{"line":26,"column":null}},"type":"cond-expr","locations":[{"start":{"line":26,"column":11},"end":{"line":26,"column":47}},{"start":{"line":26,"column":47},"end":{"line":26,"column":null}}],"line":26},"1":{"loc":{"start":{"line":33,"column":11},"end":{"line":33,"column":null}},"type":"cond-expr","locations":[{"start":{"line":33,"column":11},"end":{"line":33,"column":57}},{"start":{"line":33,"column":57},"end":{"line":33,"column":null}}],"line":33},"2":{"loc":{"start":{"line":40,"column":4},"end":{"line":40,"column":null}},"type":"if","locations":[{"start":{"line":40,"column":4},"end":{"line":40,"column":null}},{"start":{},"end":{}}],"line":40},"3":{"loc":{"start":{"line":40,"column":8},"end":{"line":40,"column":30}},"type":"binary-expr","locations":[{"start":{"line":40,"column":8},"end":{"line":40,"column":21}},{"start":{"line":40,"column":21},"end":{"line":40,"column":30}}],"line":40},"4":{"loc":{"start":{"line":43,"column":4},"end":{"line":43,"column":null}},"type":"if","locations":[{"start":{"line":43,"column":4},"end":{"line":43,"column":null}},{"start":{},"end":{}}],"line":43},"5":{"loc":{"start":{"line":44,"column":4},"end":{"line":44,"column":null}},"type":"if","locations":[{"start":{"line":44,"column":4},"end":{"line":44,"column":null}},{"start":{},"end":{}}],"line":44},"6":{"loc":{"start":{"line":54,"column":4},"end":{"line":54,"column":null}},"type":"if","locations":[{"start":{"line":54,"column":4},"end":{"line":54,"column":null}},{"start":{},"end":{}}],"line":54},"7":{"loc":{"start":{"line":56,"column":17},"end":{"line":56,"column":null}},"type":"cond-expr","locations":[{"start":{"line":56,"column":39},"end":{"line":56,"column":75}},{"start":{"line":56,"column":75},"end":{"line":56,"column":null}}],"line":56},"8":{"loc":{"start":{"line":58,"column":25},"end":{"line":58,"column":null}},"type":"cond-expr","locations":[{"start":{"line":58,"column":67},"end":{"line":58,"column":76}},{"start":{"line":58,"column":76},"end":{"line":58,"column":null}}],"line":58},"9":{"loc":{"start":{"line":58,"column":25},"end":{"line":58,"column":67}},"type":"binary-expr","locations":[{"start":{"line":58,"column":25},"end":{"line":58,"column":48}},{"start":{"line":58,"column":48},"end":{"line":58,"column":67}}],"line":58},"10":{"loc":{"start":{"line":60,"column":19},"end":{"line":60,"column":null}},"type":"binary-expr","locations":[{"start":{"line":60,"column":19},"end":{"line":60,"column":37}},{"start":{"line":60,"column":37},"end":{"line":60,"column":53}},{"start":{"line":60,"column":53},"end":{"line":60,"column":null}}],"line":60},"11":{"loc":{"start":{"line":61,"column":22},"end":{"line":61,"column":null}},"type":"cond-expr","locations":[{"start":{"line":61,"column":46},"end":{"line":61,"column":77}},{"start":{"line":61,"column":77},"end":{"line":61,"column":null}}],"line":61},"12":{"loc":{"start":{"line":62,"column":21},"end":{"line":62,"column":null}},"type":"cond-expr","locations":[{"start":{"line":62,"column":40},"end":{"line":62,"column":67}},{"start":{"line":62,"column":67},"end":{"line":62,"column":null}}],"line":62},"13":{"loc":{"start":{"line":72,"column":4},"end":{"line":72,"column":null}},"type":"if","locations":[{"start":{"line":72,"column":4},"end":{"line":72,"column":null}},{"start":{},"end":{}}],"line":72},"14":{"loc":{"start":{"line":78,"column":4},"end":{"line":88,"column":null}},"type":"if","locations":[{"start":{"line":78,"column":4},"end":{"line":88,"column":null}},{"start":{},"end":{}}],"line":78},"15":{"loc":{"start":{"line":78,"column":8},"end":{"line":78,"column":27}},"type":"binary-expr","locations":[{"start":{"line":78,"column":8},"end":{"line":78,"column":17}},{"start":{"line":78,"column":17},"end":{"line":78,"column":27}}],"line":78}},"s":{"0":218,"1":0,"2":0,"3":0,"4":0,"5":0,"6":0,"7":0,"8":0,"9":0,"10":0,"11":0,"12":0,"13":0,"14":0,"15":0,"16":0,"17":0,"18":0,"19":0,"20":0,"21":0,"22":0,"23":0,"24":0,"25":0,"26":0,"27":0,"28":0,"29":0,"30":0,"31":0,"32":0,"33":0,"34":0},"f":{"0":218,"1":0,"2":0,"3":0,"4":0,"5":0,"6":0},"b":{"0":[0,0],"1":[0,0],"2":[0,0],"3":[0,0],"4":[0,0],"5":[0,0],"6":[0,0],"7":[0,0],"8":[0,0],"9":[0,0],"10":[0,0,0],"11":[0,0],"12":[0,0],"13":[0,0],"14":[0,0],"15":[0,0]},"meta":{"lastBranch":16,"lastFunction":7,"lastStatement":35,"seen":{"f:5:16:5:22":0,"s:6:2:6:Infinity":0,"f:12:16:12:32":1,"s:13:19:13:Infinity":1,"s:14:2:17:Infinity":2,"s:14:15:14:36":3,"s:15:14:15:Infinity":4,"s:16:4:16:Infinity":5,"s:18:2:18:Infinity":6,"f:25:16:25:37":2,"s:26:4:26:Infinity":7,"b:26:11:26:47:26:47:26:Infinity":0,"f:32:16:32:35":3,"s:33:4:33:Infinity":8,"b:33:11:33:57:33:57:33:Infinity":1,"f:39:16:39:37":4,"b:40:4:40:Infinity:undefined:undefined:undefined:undefined":2,"s:40:4:40:Infinity":9,"b:40:8:40:21:40:21:40:30":3,"s:40:30:40:Infinity":10,"s:42:47:42:Infinity":11,"b:43:4:43:Infinity:undefined:undefined:undefined:undefined":4,"s:43:4:43:Infinity":12,"s:43:18:43:Infinity":13,"b:44:4:44:Infinity:undefined:undefined:undefined:undefined":5,"s:44:4:44:Infinity":14,"s:44:16:44:Infinity":15,"s:46:4:46:Infinity":16,"f:53:16:53:35":5,"b:54:4:54:Infinity:undefined:undefined:undefined:undefined":6,"s:54:4:54:Infinity":17,"s:54:18:54:Infinity":18,"s:56:17:56:Infinity":19,"b:56:39:56:75:56:75:56:Infinity":7,"s:58:25:58:Infinity":20,"b:58:67:58:76:58:76:58:Infinity":8,"b:58:25:58:48:58:48:58:67":9,"s:60:19:60:Infinity":21,"b:60:19:60:37:60:37:60:53:60:53:60:Infinity":10,"s:61:22:61:Infinity":22,"b:61:46:61:77:61:77:61:Infinity":11,"s:62:21:62:Infinity":23,"b:62:40:62:67:62:67:62:Infinity":12,"s:64:4:64:Infinity":24,"f:71:16:71:34":6,"b:72:4:72:Infinity:undefined:undefined:undefined:undefined":13,"s:72:4:72:Infinity":25,"s:72:14:72:Infinity":26,"s:75:20:75:Infinity":27,"s:76:18:76:Infinity":28,"b:78:4:88:Infinity:undefined:undefined:undefined:undefined":14,"s:78:4:88:Infinity":29,"b:78:8:78:17:78:17:78:27":15,"s:79:19:79:Infinity":30,"s:81:26:81:Infinity":31,"s:82:22:82:Infinity":32,"s:87:8:87:Infinity":33,"s:90:4:90:Infinity":34}}}
}
